<html>
<head>
<title>TestNG:  tedst</title>
<link href="../testng.css" rel="stylesheet" type="text/css" />
<link href="../my-testng.css" rel="stylesheet" type="text/css" />

<style type="text/css">
.log { display: none;} 
.stack-trace { display: none;} 
</style>
<script type="text/javascript">
<!--
function flip(e) {
  current = e.style.display;
  if (current == 'block') {
    e.style.display = 'none';
    return 0;
  }
  else {
    e.style.display = 'block';
    return 1;
  }
}

function toggleBox(szDivId, elem, msg1, msg2)
{
  var res = -1;  if (document.getElementById) {
    res = flip(document.getElementById(szDivId));
  }
  else if (document.all) {
    // this is the way old msie versions work
    res = flip(document.all[szDivId]);
  }
  if(elem) {
    if(res == 0) elem.innerHTML = msg1; else elem.innerHTML = msg2;
  }

}

function toggleAllBoxes() {
  if (document.getElementsByTagName) {
    d = document.getElementsByTagName('div');
    for (i = 0; i < d.length; i++) {
      if (d[i].className == 'log') {
        flip(d[i]);
      }
    }
  }
}

// -->
</script>

</head>
<body>
<h2 align='center'>tedst</h2><table border='1' align="center">
<tr>
<td>Tests passed/Failed/Skipped:</td><td>21/13/0</td>
</tr><tr>
<td>Started on:</td><td>Sat Mar 18 19:51:10 EET 2023</td>
</tr>
<tr><td>Total time:</td><td>9 seconds (9963 ms)</td>
</tr><tr>
<td>Included groups:</td><td></td>
</tr><tr>
<td>Excluded groups:</td><td></td>
</tr>
</table><p/>
<small><i>(Hover the method name to see the test class name)</i></small><p/>
<table width='100%' border='1' class='invocation-failed'>
<tr><td colspan='4' align='center'><b>FAILED TESTS</b></td></tr>
<tr><td><b>Test method</b></td>
<td width="30%"><b>Exception</b></td>
<td width="10%"><b>Time (seconds)</b></td>
<td><b>Instance</b></td>
</tr>
<tr>
<td title='Subscribe.Jawwy.testcases.Validate_Test_Country_currency_Price_Test.Validate_Country_Currency_Package()'><b>Validate_Country_Currency_Package</b><br>Test class: Subscribe.Jawwy.testcases.Validate_Test_Country_currency_Price_Test<br>Parameters: Egypt, CLASSIC, 10.00, Egyptian pound</td>
<td><div><pre>java.lang.AssertionError: The following asserts failed:
	passed expected [true] but found [false]
	at Subscribe.Jawwy.pageobjects.AvalabilePackage.validatePriceAndCurrency(AvalabilePackage.java:111)
	at Subscribe.Jawwy.testcases.Validate_Test_Country_currency_Price_Test.Validate_Country_Currency_Package(Validate_Test_Country_currency_Price_Test.java:36)
	at java.util.ArrayList.forEach(ArrayList.java:1259)
... Removed 29 stack frames</pre></div><a href='#' onClick='toggleBox("stack-trace27481290", this, "Click to show all stack frames", "Click to hide stack frames")'>Click to show all stack frames</a>
<div class='stack-trace' id='stack-trace27481290'><pre>java.lang.AssertionError: The following asserts failed:
	passed expected [true] but found [false]
	at org.testng.asserts.SoftAssert.assertAll(SoftAssert.java:47)
	at org.testng.asserts.SoftAssert.assertAll(SoftAssert.java:31)
	at Subscribe.Jawwy.pageobjects.AvalabilePackage.validatePriceAndCurrency(AvalabilePackage.java:111)
	at Subscribe.Jawwy.testcases.Validate_Test_Country_currency_Price_Test.Validate_Country_Currency_Package(Validate_Test_Country_currency_Price_Test.java:36)
	at sun.reflect.NativeMethodAccessorImpl.invoke0(Native Method)
	at sun.reflect.NativeMethodAccessorImpl.invoke(NativeMethodAccessorImpl.java:62)
	at sun.reflect.DelegatingMethodAccessorImpl.invoke(DelegatingMethodAccessorImpl.java:43)
	at java.lang.reflect.Method.invoke(Method.java:498)
	at org.testng.internal.MethodInvocationHelper.invokeMethod(MethodInvocationHelper.java:132)
	at org.testng.internal.TestInvoker.invokeMethod(TestInvoker.java:599)
	at org.testng.internal.TestInvoker.invokeTestMethod(TestInvoker.java:174)
	at org.testng.internal.MethodRunner.runInSequence(MethodRunner.java:46)
	at org.testng.internal.TestInvoker$MethodInvocationAgent.invoke(TestInvoker.java:822)
	at org.testng.internal.TestInvoker.invokeTestMethods(TestInvoker.java:147)
	at org.testng.internal.TestMethodWorker.invokeTestMethods(TestMethodWorker.java:146)
	at org.testng.internal.TestMethodWorker.run(TestMethodWorker.java:128)
	at java.util.ArrayList.forEach(ArrayList.java:1259)
	at org.testng.TestRunner.privateRun(TestRunner.java:764)
	at org.testng.TestRunner.run(TestRunner.java:585)
	at org.testng.SuiteRunner.runTest(SuiteRunner.java:384)
	at org.testng.SuiteRunner.runSequentially(SuiteRunner.java:378)
	at org.testng.SuiteRunner.privateRun(SuiteRunner.java:337)
	at org.testng.SuiteRunner.run(SuiteRunner.java:286)
	at org.testng.SuiteRunnerWorker.runSuite(SuiteRunnerWorker.java:53)
	at org.testng.SuiteRunnerWorker.run(SuiteRunnerWorker.java:96)
	at org.testng.TestNG.runSuitesSequentially(TestNG.java:1218)
	at org.testng.TestNG.runSuitesLocally(TestNG.java:1140)
	at org.testng.TestNG.runSuites(TestNG.java:1069)
	at org.testng.TestNG.run(TestNG.java:1037)
	at org.testng.remote.AbstractRemoteTestNG.run(AbstractRemoteTestNG.java:115)
	at org.testng.remote.RemoteTestNG.initAndRun(RemoteTestNG.java:251)
	at org.testng.remote.RemoteTestNG.main(RemoteTestNG.java:77)
</pre></div></td>
<td>0</td>
<td>Subscribe.Jawwy.testcases.Validate_Test_Country_currency_Price_Test@9a3d1d</td></tr>
<tr>
<td title='Subscribe.Jawwy.testcases.Validate_Test_Country_currency_Price_Test.Validate_Country_Currency_Package()'><b>Validate_Country_Currency_Package</b><br>Test class: Subscribe.Jawwy.testcases.Validate_Test_Country_currency_Price_Test<br>Parameters: UAE, CLASSIC, 10.00, AED</td>
<td><div><pre>java.lang.AssertionError: The following asserts failed:
	passed expected [true] but found [false],
	passed expected [true] but found [false]
	at Subscribe.Jawwy.pageobjects.AvalabilePackage.validatePriceAndCurrency(AvalabilePackage.java:111)
	at Subscribe.Jawwy.testcases.Validate_Test_Country_currency_Price_Test.Validate_Country_Currency_Package(Validate_Test_Country_currency_Price_Test.java:36)
	at java.util.ArrayList.forEach(ArrayList.java:1259)
... Removed 29 stack frames</pre></div><a href='#' onClick='toggleBox("stack-trace21383747", this, "Click to show all stack frames", "Click to hide stack frames")'>Click to show all stack frames</a>
<div class='stack-trace' id='stack-trace21383747'><pre>java.lang.AssertionError: The following asserts failed:
	passed expected [true] but found [false],
	passed expected [true] but found [false]
	at org.testng.asserts.SoftAssert.assertAll(SoftAssert.java:47)
	at org.testng.asserts.SoftAssert.assertAll(SoftAssert.java:31)
	at Subscribe.Jawwy.pageobjects.AvalabilePackage.validatePriceAndCurrency(AvalabilePackage.java:111)
	at Subscribe.Jawwy.testcases.Validate_Test_Country_currency_Price_Test.Validate_Country_Currency_Package(Validate_Test_Country_currency_Price_Test.java:36)
	at sun.reflect.NativeMethodAccessorImpl.invoke0(Native Method)
	at sun.reflect.NativeMethodAccessorImpl.invoke(NativeMethodAccessorImpl.java:62)
	at sun.reflect.DelegatingMethodAccessorImpl.invoke(DelegatingMethodAccessorImpl.java:43)
	at java.lang.reflect.Method.invoke(Method.java:498)
	at org.testng.internal.MethodInvocationHelper.invokeMethod(MethodInvocationHelper.java:132)
	at org.testng.internal.TestInvoker.invokeMethod(TestInvoker.java:599)
	at org.testng.internal.TestInvoker.invokeTestMethod(TestInvoker.java:174)
	at org.testng.internal.MethodRunner.runInSequence(MethodRunner.java:46)
	at org.testng.internal.TestInvoker$MethodInvocationAgent.invoke(TestInvoker.java:822)
	at org.testng.internal.TestInvoker.invokeTestMethods(TestInvoker.java:147)
	at org.testng.internal.TestMethodWorker.invokeTestMethods(TestMethodWorker.java:146)
	at org.testng.internal.TestMethodWorker.run(TestMethodWorker.java:128)
	at java.util.ArrayList.forEach(ArrayList.java:1259)
	at org.testng.TestRunner.privateRun(TestRunner.java:764)
	at org.testng.TestRunner.run(TestRunner.java:585)
	at org.testng.SuiteRunner.runTest(SuiteRunner.java:384)
	at org.testng.SuiteRunner.runSequentially(SuiteRunner.java:378)
	at org.testng.SuiteRunner.privateRun(SuiteRunner.java:337)
	at org.testng.SuiteRunner.run(SuiteRunner.java:286)
	at org.testng.SuiteRunnerWorker.runSuite(SuiteRunnerWorker.java:53)
	at org.testng.SuiteRunnerWorker.run(SuiteRunnerWorker.java:96)
	at org.testng.TestNG.runSuitesSequentially(TestNG.java:1218)
	at org.testng.TestNG.runSuitesLocally(TestNG.java:1140)
	at org.testng.TestNG.runSuites(TestNG.java:1069)
	at org.testng.TestNG.run(TestNG.java:1037)
	at org.testng.remote.AbstractRemoteTestNG.run(AbstractRemoteTestNG.java:115)
	at org.testng.remote.RemoteTestNG.initAndRun(RemoteTestNG.java:251)
	at org.testng.remote.RemoteTestNG.main(RemoteTestNG.java:77)
</pre></div></td>
<td>0</td>
<td>Subscribe.Jawwy.testcases.Validate_Test_Country_currency_Price_Test@9a3d1d</td></tr>
<tr>
<td title='Subscribe.Jawwy.testcases.Validate_Test_Country_currency_Price_Test.Validate_Country_Currency_Package()'><b>Validate_Country_Currency_Package</b><br>Test class: Subscribe.Jawwy.testcases.Validate_Test_Country_currency_Price_Test<br>Parameters: Iraq, CLASSIC, 900.00, IQ</td>
<td><div><pre>java.lang.AssertionError: The following asserts failed:
	passed expected [true] but found [false],
	passed expected [true] but found [false]
	at Subscribe.Jawwy.pageobjects.AvalabilePackage.validatePriceAndCurrency(AvalabilePackage.java:111)
	at Subscribe.Jawwy.testcases.Validate_Test_Country_currency_Price_Test.Validate_Country_Currency_Package(Validate_Test_Country_currency_Price_Test.java:36)
	at java.util.ArrayList.forEach(ArrayList.java:1259)
... Removed 29 stack frames</pre></div><a href='#' onClick='toggleBox("stack-trace9633062", this, "Click to show all stack frames", "Click to hide stack frames")'>Click to show all stack frames</a>
<div class='stack-trace' id='stack-trace9633062'><pre>java.lang.AssertionError: The following asserts failed:
	passed expected [true] but found [false],
	passed expected [true] but found [false]
	at org.testng.asserts.SoftAssert.assertAll(SoftAssert.java:47)
	at org.testng.asserts.SoftAssert.assertAll(SoftAssert.java:31)
	at Subscribe.Jawwy.pageobjects.AvalabilePackage.validatePriceAndCurrency(AvalabilePackage.java:111)
	at Subscribe.Jawwy.testcases.Validate_Test_Country_currency_Price_Test.Validate_Country_Currency_Package(Validate_Test_Country_currency_Price_Test.java:36)
	at sun.reflect.NativeMethodAccessorImpl.invoke0(Native Method)
	at sun.reflect.NativeMethodAccessorImpl.invoke(NativeMethodAccessorImpl.java:62)
	at sun.reflect.DelegatingMethodAccessorImpl.invoke(DelegatingMethodAccessorImpl.java:43)
	at java.lang.reflect.Method.invoke(Method.java:498)
	at org.testng.internal.MethodInvocationHelper.invokeMethod(MethodInvocationHelper.java:132)
	at org.testng.internal.TestInvoker.invokeMethod(TestInvoker.java:599)
	at org.testng.internal.TestInvoker.invokeTestMethod(TestInvoker.java:174)
	at org.testng.internal.MethodRunner.runInSequence(MethodRunner.java:46)
	at org.testng.internal.TestInvoker$MethodInvocationAgent.invoke(TestInvoker.java:822)
	at org.testng.internal.TestInvoker.invokeTestMethods(TestInvoker.java:147)
	at org.testng.internal.TestMethodWorker.invokeTestMethods(TestMethodWorker.java:146)
	at org.testng.internal.TestMethodWorker.run(TestMethodWorker.java:128)
	at java.util.ArrayList.forEach(ArrayList.java:1259)
	at org.testng.TestRunner.privateRun(TestRunner.java:764)
	at org.testng.TestRunner.run(TestRunner.java:585)
	at org.testng.SuiteRunner.runTest(SuiteRunner.java:384)
	at org.testng.SuiteRunner.runSequentially(SuiteRunner.java:378)
	at org.testng.SuiteRunner.privateRun(SuiteRunner.java:337)
	at org.testng.SuiteRunner.run(SuiteRunner.java:286)
	at org.testng.SuiteRunnerWorker.runSuite(SuiteRunnerWorker.java:53)
	at org.testng.SuiteRunnerWorker.run(SuiteRunnerWorker.java:96)
	at org.testng.TestNG.runSuitesSequentially(TestNG.java:1218)
	at org.testng.TestNG.runSuitesLocally(TestNG.java:1140)
	at org.testng.TestNG.runSuites(TestNG.java:1069)
	at org.testng.TestNG.run(TestNG.java:1037)
	at org.testng.remote.AbstractRemoteTestNG.run(AbstractRemoteTestNG.java:115)
	at org.testng.remote.RemoteTestNG.initAndRun(RemoteTestNG.java:251)
	at org.testng.remote.RemoteTestNG.main(RemoteTestNG.java:77)
</pre></div></td>
<td>0</td>
<td>Subscribe.Jawwy.testcases.Validate_Test_Country_currency_Price_Test@9a3d1d</td></tr>
<tr>
<td title='Subscribe.Jawwy.testcases.Validate_Test_Country_currency_Price_Test.Validate_Country_Currency_Package()'><b>Validate_Country_Currency_Package</b><br>Test class: Subscribe.Jawwy.testcases.Validate_Test_Country_currency_Price_Test<br>Parameters: Jordan, CLASSIC, 0.99, JOD</td>
<td><div><pre>java.lang.AssertionError: The following asserts failed:
	passed expected [true] but found [false],
	passed expected [true] but found [false]
	at Subscribe.Jawwy.pageobjects.AvalabilePackage.validatePriceAndCurrency(AvalabilePackage.java:111)
	at Subscribe.Jawwy.testcases.Validate_Test_Country_currency_Price_Test.Validate_Country_Currency_Package(Validate_Test_Country_currency_Price_Test.java:36)
	at java.util.ArrayList.forEach(ArrayList.java:1259)
... Removed 29 stack frames</pre></div><a href='#' onClick='toggleBox("stack-trace19743932", this, "Click to show all stack frames", "Click to hide stack frames")'>Click to show all stack frames</a>
<div class='stack-trace' id='stack-trace19743932'><pre>java.lang.AssertionError: The following asserts failed:
	passed expected [true] but found [false],
	passed expected [true] but found [false]
	at org.testng.asserts.SoftAssert.assertAll(SoftAssert.java:47)
	at org.testng.asserts.SoftAssert.assertAll(SoftAssert.java:31)
	at Subscribe.Jawwy.pageobjects.AvalabilePackage.validatePriceAndCurrency(AvalabilePackage.java:111)
	at Subscribe.Jawwy.testcases.Validate_Test_Country_currency_Price_Test.Validate_Country_Currency_Package(Validate_Test_Country_currency_Price_Test.java:36)
	at sun.reflect.NativeMethodAccessorImpl.invoke0(Native Method)
	at sun.reflect.NativeMethodAccessorImpl.invoke(NativeMethodAccessorImpl.java:62)
	at sun.reflect.DelegatingMethodAccessorImpl.invoke(DelegatingMethodAccessorImpl.java:43)
	at java.lang.reflect.Method.invoke(Method.java:498)
	at org.testng.internal.MethodInvocationHelper.invokeMethod(MethodInvocationHelper.java:132)
	at org.testng.internal.TestInvoker.invokeMethod(TestInvoker.java:599)
	at org.testng.internal.TestInvoker.invokeTestMethod(TestInvoker.java:174)
	at org.testng.internal.MethodRunner.runInSequence(MethodRunner.java:46)
	at org.testng.internal.TestInvoker$MethodInvocationAgent.invoke(TestInvoker.java:822)
	at org.testng.internal.TestInvoker.invokeTestMethods(TestInvoker.java:147)
	at org.testng.internal.TestMethodWorker.invokeTestMethods(TestMethodWorker.java:146)
	at org.testng.internal.TestMethodWorker.run(TestMethodWorker.java:128)
	at java.util.ArrayList.forEach(ArrayList.java:1259)
	at org.testng.TestRunner.privateRun(TestRunner.java:764)
	at org.testng.TestRunner.run(TestRunner.java:585)
	at org.testng.SuiteRunner.runTest(SuiteRunner.java:384)
	at org.testng.SuiteRunner.runSequentially(SuiteRunner.java:378)
	at org.testng.SuiteRunner.privateRun(SuiteRunner.java:337)
	at org.testng.SuiteRunner.run(SuiteRunner.java:286)
	at org.testng.SuiteRunnerWorker.runSuite(SuiteRunnerWorker.java:53)
	at org.testng.SuiteRunnerWorker.run(SuiteRunnerWorker.java:96)
	at org.testng.TestNG.runSuitesSequentially(TestNG.java:1218)
	at org.testng.TestNG.runSuitesLocally(TestNG.java:1140)
	at org.testng.TestNG.runSuites(TestNG.java:1069)
	at org.testng.TestNG.run(TestNG.java:1037)
	at org.testng.remote.AbstractRemoteTestNG.run(AbstractRemoteTestNG.java:115)
	at org.testng.remote.RemoteTestNG.initAndRun(RemoteTestNG.java:251)
	at org.testng.remote.RemoteTestNG.main(RemoteTestNG.java:77)
</pre></div></td>
<td>0</td>
<td>Subscribe.Jawwy.testcases.Validate_Test_Country_currency_Price_Test@9a3d1d</td></tr>
<tr>
<td title='Subscribe.Jawwy.testcases.Validate_Test_Country_currency_Price_Test.Validate_Country_Currency_Package()'><b>Validate_Country_Currency_Package</b><br>Test class: Subscribe.Jawwy.testcases.Validate_Test_Country_currency_Price_Test<br>Parameters: Oman, CLASSIC, 1.00, OMR</td>
<td><div><pre>java.lang.AssertionError: The following asserts failed:
	passed expected [true] but found [false],
	passed expected [true] but found [false]
	at Subscribe.Jawwy.pageobjects.AvalabilePackage.validatePriceAndCurrency(AvalabilePackage.java:111)
	at Subscribe.Jawwy.testcases.Validate_Test_Country_currency_Price_Test.Validate_Country_Currency_Package(Validate_Test_Country_currency_Price_Test.java:36)
	at java.util.ArrayList.forEach(ArrayList.java:1259)
... Removed 29 stack frames</pre></div><a href='#' onClick='toggleBox("stack-trace22186530", this, "Click to show all stack frames", "Click to hide stack frames")'>Click to show all stack frames</a>
<div class='stack-trace' id='stack-trace22186530'><pre>java.lang.AssertionError: The following asserts failed:
	passed expected [true] but found [false],
	passed expected [true] but found [false]
	at org.testng.asserts.SoftAssert.assertAll(SoftAssert.java:47)
	at org.testng.asserts.SoftAssert.assertAll(SoftAssert.java:31)
	at Subscribe.Jawwy.pageobjects.AvalabilePackage.validatePriceAndCurrency(AvalabilePackage.java:111)
	at Subscribe.Jawwy.testcases.Validate_Test_Country_currency_Price_Test.Validate_Country_Currency_Package(Validate_Test_Country_currency_Price_Test.java:36)
	at sun.reflect.NativeMethodAccessorImpl.invoke0(Native Method)
	at sun.reflect.NativeMethodAccessorImpl.invoke(NativeMethodAccessorImpl.java:62)
	at sun.reflect.DelegatingMethodAccessorImpl.invoke(DelegatingMethodAccessorImpl.java:43)
	at java.lang.reflect.Method.invoke(Method.java:498)
	at org.testng.internal.MethodInvocationHelper.invokeMethod(MethodInvocationHelper.java:132)
	at org.testng.internal.TestInvoker.invokeMethod(TestInvoker.java:599)
	at org.testng.internal.TestInvoker.invokeTestMethod(TestInvoker.java:174)
	at org.testng.internal.MethodRunner.runInSequence(MethodRunner.java:46)
	at org.testng.internal.TestInvoker$MethodInvocationAgent.invoke(TestInvoker.java:822)
	at org.testng.internal.TestInvoker.invokeTestMethods(TestInvoker.java:147)
	at org.testng.internal.TestMethodWorker.invokeTestMethods(TestMethodWorker.java:146)
	at org.testng.internal.TestMethodWorker.run(TestMethodWorker.java:128)
	at java.util.ArrayList.forEach(ArrayList.java:1259)
	at org.testng.TestRunner.privateRun(TestRunner.java:764)
	at org.testng.TestRunner.run(TestRunner.java:585)
	at org.testng.SuiteRunner.runTest(SuiteRunner.java:384)
	at org.testng.SuiteRunner.runSequentially(SuiteRunner.java:378)
	at org.testng.SuiteRunner.privateRun(SuiteRunner.java:337)
	at org.testng.SuiteRunner.run(SuiteRunner.java:286)
	at org.testng.SuiteRunnerWorker.runSuite(SuiteRunnerWorker.java:53)
	at org.testng.SuiteRunnerWorker.run(SuiteRunnerWorker.java:96)
	at org.testng.TestNG.runSuitesSequentially(TestNG.java:1218)
	at org.testng.TestNG.runSuitesLocally(TestNG.java:1140)
	at org.testng.TestNG.runSuites(TestNG.java:1069)
	at org.testng.TestNG.run(TestNG.java:1037)
	at org.testng.remote.AbstractRemoteTestNG.run(AbstractRemoteTestNG.java:115)
	at org.testng.remote.RemoteTestNG.initAndRun(RemoteTestNG.java:251)
	at org.testng.remote.RemoteTestNG.main(RemoteTestNG.java:77)
</pre></div></td>
<td>0</td>
<td>Subscribe.Jawwy.testcases.Validate_Test_Country_currency_Price_Test@9a3d1d</td></tr>
<tr>
<td title='Subscribe.Jawwy.testcases.Validate_Test_Country_currency_Price_Test.Validate_Country_Currency_Package()'><b>Validate_Country_Currency_Package</b><br>Test class: Subscribe.Jawwy.testcases.Validate_Test_Country_currency_Price_Test<br>Parameters: Tunisia, CLASSIC, 1.00, TND</td>
<td><div><pre>java.lang.AssertionError: The following asserts failed:
	passed expected [true] but found [false],
	passed expected [true] but found [false]
	at Subscribe.Jawwy.pageobjects.AvalabilePackage.validatePriceAndCurrency(AvalabilePackage.java:111)
	at Subscribe.Jawwy.testcases.Validate_Test_Country_currency_Price_Test.Validate_Country_Currency_Package(Validate_Test_Country_currency_Price_Test.java:36)
	at java.util.ArrayList.forEach(ArrayList.java:1259)
... Removed 29 stack frames</pre></div><a href='#' onClick='toggleBox("stack-trace1766555", this, "Click to show all stack frames", "Click to hide stack frames")'>Click to show all stack frames</a>
<div class='stack-trace' id='stack-trace1766555'><pre>java.lang.AssertionError: The following asserts failed:
	passed expected [true] but found [false],
	passed expected [true] but found [false]
	at org.testng.asserts.SoftAssert.assertAll(SoftAssert.java:47)
	at org.testng.asserts.SoftAssert.assertAll(SoftAssert.java:31)
	at Subscribe.Jawwy.pageobjects.AvalabilePackage.validatePriceAndCurrency(AvalabilePackage.java:111)
	at Subscribe.Jawwy.testcases.Validate_Test_Country_currency_Price_Test.Validate_Country_Currency_Package(Validate_Test_Country_currency_Price_Test.java:36)
	at sun.reflect.NativeMethodAccessorImpl.invoke0(Native Method)
	at sun.reflect.NativeMethodAccessorImpl.invoke(NativeMethodAccessorImpl.java:62)
	at sun.reflect.DelegatingMethodAccessorImpl.invoke(DelegatingMethodAccessorImpl.java:43)
	at java.lang.reflect.Method.invoke(Method.java:498)
	at org.testng.internal.MethodInvocationHelper.invokeMethod(MethodInvocationHelper.java:132)
	at org.testng.internal.TestInvoker.invokeMethod(TestInvoker.java:599)
	at org.testng.internal.TestInvoker.invokeTestMethod(TestInvoker.java:174)
	at org.testng.internal.MethodRunner.runInSequence(MethodRunner.java:46)
	at org.testng.internal.TestInvoker$MethodInvocationAgent.invoke(TestInvoker.java:822)
	at org.testng.internal.TestInvoker.invokeTestMethods(TestInvoker.java:147)
	at org.testng.internal.TestMethodWorker.invokeTestMethods(TestMethodWorker.java:146)
	at org.testng.internal.TestMethodWorker.run(TestMethodWorker.java:128)
	at java.util.ArrayList.forEach(ArrayList.java:1259)
	at org.testng.TestRunner.privateRun(TestRunner.java:764)
	at org.testng.TestRunner.run(TestRunner.java:585)
	at org.testng.SuiteRunner.runTest(SuiteRunner.java:384)
	at org.testng.SuiteRunner.runSequentially(SuiteRunner.java:378)
	at org.testng.SuiteRunner.privateRun(SuiteRunner.java:337)
	at org.testng.SuiteRunner.run(SuiteRunner.java:286)
	at org.testng.SuiteRunnerWorker.runSuite(SuiteRunnerWorker.java:53)
	at org.testng.SuiteRunnerWorker.run(SuiteRunnerWorker.java:96)
	at org.testng.TestNG.runSuitesSequentially(TestNG.java:1218)
	at org.testng.TestNG.runSuitesLocally(TestNG.java:1140)
	at org.testng.TestNG.runSuites(TestNG.java:1069)
	at org.testng.TestNG.run(TestNG.java:1037)
	at org.testng.remote.AbstractRemoteTestNG.run(AbstractRemoteTestNG.java:115)
	at org.testng.remote.RemoteTestNG.initAndRun(RemoteTestNG.java:251)
	at org.testng.remote.RemoteTestNG.main(RemoteTestNG.java:77)
</pre></div></td>
<td>0</td>
<td>Subscribe.Jawwy.testcases.Validate_Test_Country_currency_Price_Test@9a3d1d</td></tr>
<tr>
<td title='Subscribe.Jawwy.testcases.Validate_Test_Country_currency_Price_Test.Validate_Country_Currency_Package()'><b>Validate_Country_Currency_Package</b><br>Test class: Subscribe.Jawwy.testcases.Validate_Test_Country_currency_Price_Test<br>Parameters: Yemen, , , </td>
<td><div><pre>java.lang.AssertionError: The following asserts failed:
	passed expected [true] but found [false],
	passed expected [true] but found [false]
	at Subscribe.Jawwy.pageobjects.AvalabilePackage.validatePriceAndCurrency(AvalabilePackage.java:111)
	at Subscribe.Jawwy.testcases.Validate_Test_Country_currency_Price_Test.Validate_Country_Currency_Package(Validate_Test_Country_currency_Price_Test.java:36)
	at java.util.ArrayList.forEach(ArrayList.java:1259)
... Removed 29 stack frames</pre></div><a href='#' onClick='toggleBox("stack-trace18601987", this, "Click to show all stack frames", "Click to hide stack frames")'>Click to show all stack frames</a>
<div class='stack-trace' id='stack-trace18601987'><pre>java.lang.AssertionError: The following asserts failed:
	passed expected [true] but found [false],
	passed expected [true] but found [false]
	at org.testng.asserts.SoftAssert.assertAll(SoftAssert.java:47)
	at org.testng.asserts.SoftAssert.assertAll(SoftAssert.java:31)
	at Subscribe.Jawwy.pageobjects.AvalabilePackage.validatePriceAndCurrency(AvalabilePackage.java:111)
	at Subscribe.Jawwy.testcases.Validate_Test_Country_currency_Price_Test.Validate_Country_Currency_Package(Validate_Test_Country_currency_Price_Test.java:36)
	at sun.reflect.NativeMethodAccessorImpl.invoke0(Native Method)
	at sun.reflect.NativeMethodAccessorImpl.invoke(NativeMethodAccessorImpl.java:62)
	at sun.reflect.DelegatingMethodAccessorImpl.invoke(DelegatingMethodAccessorImpl.java:43)
	at java.lang.reflect.Method.invoke(Method.java:498)
	at org.testng.internal.MethodInvocationHelper.invokeMethod(MethodInvocationHelper.java:132)
	at org.testng.internal.TestInvoker.invokeMethod(TestInvoker.java:599)
	at org.testng.internal.TestInvoker.invokeTestMethod(TestInvoker.java:174)
	at org.testng.internal.MethodRunner.runInSequence(MethodRunner.java:46)
	at org.testng.internal.TestInvoker$MethodInvocationAgent.invoke(TestInvoker.java:822)
	at org.testng.internal.TestInvoker.invokeTestMethods(TestInvoker.java:147)
	at org.testng.internal.TestMethodWorker.invokeTestMethods(TestMethodWorker.java:146)
	at org.testng.internal.TestMethodWorker.run(TestMethodWorker.java:128)
	at java.util.ArrayList.forEach(ArrayList.java:1259)
	at org.testng.TestRunner.privateRun(TestRunner.java:764)
	at org.testng.TestRunner.run(TestRunner.java:585)
	at org.testng.SuiteRunner.runTest(SuiteRunner.java:384)
	at org.testng.SuiteRunner.runSequentially(SuiteRunner.java:378)
	at org.testng.SuiteRunner.privateRun(SuiteRunner.java:337)
	at org.testng.SuiteRunner.run(SuiteRunner.java:286)
	at org.testng.SuiteRunnerWorker.runSuite(SuiteRunnerWorker.java:53)
	at org.testng.SuiteRunnerWorker.run(SuiteRunnerWorker.java:96)
	at org.testng.TestNG.runSuitesSequentially(TestNG.java:1218)
	at org.testng.TestNG.runSuitesLocally(TestNG.java:1140)
	at org.testng.TestNG.runSuites(TestNG.java:1069)
	at org.testng.TestNG.run(TestNG.java:1037)
	at org.testng.remote.AbstractRemoteTestNG.run(AbstractRemoteTestNG.java:115)
	at org.testng.remote.RemoteTestNG.initAndRun(RemoteTestNG.java:251)
	at org.testng.remote.RemoteTestNG.main(RemoteTestNG.java:77)
</pre></div></td>
<td>0</td>
<td>Subscribe.Jawwy.testcases.Validate_Test_Country_currency_Price_Test@9a3d1d</td></tr>
<tr>
<td title='Subscribe.Jawwy.testcases.Validate_Test_Country_currency_Price_Test.Validate_Country_Currency_Package()'><b>Validate_Country_Currency_Package</b><br>Test class: Subscribe.Jawwy.testcases.Validate_Test_Country_currency_Price_Test<br>Parameters: Palestine, , , </td>
<td><div><pre>java.lang.AssertionError: The following asserts failed:
	passed expected [true] but found [false],
	passed expected [true] but found [false]
	at Subscribe.Jawwy.pageobjects.AvalabilePackage.validatePriceAndCurrency(AvalabilePackage.java:111)
	at Subscribe.Jawwy.testcases.Validate_Test_Country_currency_Price_Test.Validate_Country_Currency_Package(Validate_Test_Country_currency_Price_Test.java:36)
	at java.util.ArrayList.forEach(ArrayList.java:1259)
... Removed 29 stack frames</pre></div><a href='#' onClick='toggleBox("stack-trace32252533", this, "Click to show all stack frames", "Click to hide stack frames")'>Click to show all stack frames</a>
<div class='stack-trace' id='stack-trace32252533'><pre>java.lang.AssertionError: The following asserts failed:
	passed expected [true] but found [false],
	passed expected [true] but found [false]
	at org.testng.asserts.SoftAssert.assertAll(SoftAssert.java:47)
	at org.testng.asserts.SoftAssert.assertAll(SoftAssert.java:31)
	at Subscribe.Jawwy.pageobjects.AvalabilePackage.validatePriceAndCurrency(AvalabilePackage.java:111)
	at Subscribe.Jawwy.testcases.Validate_Test_Country_currency_Price_Test.Validate_Country_Currency_Package(Validate_Test_Country_currency_Price_Test.java:36)
	at sun.reflect.NativeMethodAccessorImpl.invoke0(Native Method)
	at sun.reflect.NativeMethodAccessorImpl.invoke(NativeMethodAccessorImpl.java:62)
	at sun.reflect.DelegatingMethodAccessorImpl.invoke(DelegatingMethodAccessorImpl.java:43)
	at java.lang.reflect.Method.invoke(Method.java:498)
	at org.testng.internal.MethodInvocationHelper.invokeMethod(MethodInvocationHelper.java:132)
	at org.testng.internal.TestInvoker.invokeMethod(TestInvoker.java:599)
	at org.testng.internal.TestInvoker.invokeTestMethod(TestInvoker.java:174)
	at org.testng.internal.MethodRunner.runInSequence(MethodRunner.java:46)
	at org.testng.internal.TestInvoker$MethodInvocationAgent.invoke(TestInvoker.java:822)
	at org.testng.internal.TestInvoker.invokeTestMethods(TestInvoker.java:147)
	at org.testng.internal.TestMethodWorker.invokeTestMethods(TestMethodWorker.java:146)
	at org.testng.internal.TestMethodWorker.run(TestMethodWorker.java:128)
	at java.util.ArrayList.forEach(ArrayList.java:1259)
	at org.testng.TestRunner.privateRun(TestRunner.java:764)
	at org.testng.TestRunner.run(TestRunner.java:585)
	at org.testng.SuiteRunner.runTest(SuiteRunner.java:384)
	at org.testng.SuiteRunner.runSequentially(SuiteRunner.java:378)
	at org.testng.SuiteRunner.privateRun(SuiteRunner.java:337)
	at org.testng.SuiteRunner.run(SuiteRunner.java:286)
	at org.testng.SuiteRunnerWorker.runSuite(SuiteRunnerWorker.java:53)
	at org.testng.SuiteRunnerWorker.run(SuiteRunnerWorker.java:96)
	at org.testng.TestNG.runSuitesSequentially(TestNG.java:1218)
	at org.testng.TestNG.runSuitesLocally(TestNG.java:1140)
	at org.testng.TestNG.runSuites(TestNG.java:1069)
	at org.testng.TestNG.run(TestNG.java:1037)
	at org.testng.remote.AbstractRemoteTestNG.run(AbstractRemoteTestNG.java:115)
	at org.testng.remote.RemoteTestNG.initAndRun(RemoteTestNG.java:251)
	at org.testng.remote.RemoteTestNG.main(RemoteTestNG.java:77)
</pre></div></td>
<td>0</td>
<td>Subscribe.Jawwy.testcases.Validate_Test_Country_currency_Price_Test@9a3d1d</td></tr>
<tr>
<td title='Subscribe.Jawwy.testcases.Validate_Test_Country_currency_Price_Test.Validate_Country_Currency_Package()'><b>Validate_Country_Currency_Package</b><br>Test class: Subscribe.Jawwy.testcases.Validate_Test_Country_currency_Price_Test<br>Parameters: Algeria, , , </td>
<td><div><pre>java.lang.AssertionError: The following asserts failed:
	passed expected [true] but found [false],
	passed expected [true] but found [false]
	at Subscribe.Jawwy.pageobjects.AvalabilePackage.validatePriceAndCurrency(AvalabilePackage.java:111)
	at Subscribe.Jawwy.testcases.Validate_Test_Country_currency_Price_Test.Validate_Country_Currency_Package(Validate_Test_Country_currency_Price_Test.java:36)
	at java.util.ArrayList.forEach(ArrayList.java:1259)
... Removed 29 stack frames</pre></div><a href='#' onClick='toggleBox("stack-trace7502289", this, "Click to show all stack frames", "Click to hide stack frames")'>Click to show all stack frames</a>
<div class='stack-trace' id='stack-trace7502289'><pre>java.lang.AssertionError: The following asserts failed:
	passed expected [true] but found [false],
	passed expected [true] but found [false]
	at org.testng.asserts.SoftAssert.assertAll(SoftAssert.java:47)
	at org.testng.asserts.SoftAssert.assertAll(SoftAssert.java:31)
	at Subscribe.Jawwy.pageobjects.AvalabilePackage.validatePriceAndCurrency(AvalabilePackage.java:111)
	at Subscribe.Jawwy.testcases.Validate_Test_Country_currency_Price_Test.Validate_Country_Currency_Package(Validate_Test_Country_currency_Price_Test.java:36)
	at sun.reflect.NativeMethodAccessorImpl.invoke0(Native Method)
	at sun.reflect.NativeMethodAccessorImpl.invoke(NativeMethodAccessorImpl.java:62)
	at sun.reflect.DelegatingMethodAccessorImpl.invoke(DelegatingMethodAccessorImpl.java:43)
	at java.lang.reflect.Method.invoke(Method.java:498)
	at org.testng.internal.MethodInvocationHelper.invokeMethod(MethodInvocationHelper.java:132)
	at org.testng.internal.TestInvoker.invokeMethod(TestInvoker.java:599)
	at org.testng.internal.TestInvoker.invokeTestMethod(TestInvoker.java:174)
	at org.testng.internal.MethodRunner.runInSequence(MethodRunner.java:46)
	at org.testng.internal.TestInvoker$MethodInvocationAgent.invoke(TestInvoker.java:822)
	at org.testng.internal.TestInvoker.invokeTestMethods(TestInvoker.java:147)
	at org.testng.internal.TestMethodWorker.invokeTestMethods(TestMethodWorker.java:146)
	at org.testng.internal.TestMethodWorker.run(TestMethodWorker.java:128)
	at java.util.ArrayList.forEach(ArrayList.java:1259)
	at org.testng.TestRunner.privateRun(TestRunner.java:764)
	at org.testng.TestRunner.run(TestRunner.java:585)
	at org.testng.SuiteRunner.runTest(SuiteRunner.java:384)
	at org.testng.SuiteRunner.runSequentially(SuiteRunner.java:378)
	at org.testng.SuiteRunner.privateRun(SuiteRunner.java:337)
	at org.testng.SuiteRunner.run(SuiteRunner.java:286)
	at org.testng.SuiteRunnerWorker.runSuite(SuiteRunnerWorker.java:53)
	at org.testng.SuiteRunnerWorker.run(SuiteRunnerWorker.java:96)
	at org.testng.TestNG.runSuitesSequentially(TestNG.java:1218)
	at org.testng.TestNG.runSuitesLocally(TestNG.java:1140)
	at org.testng.TestNG.runSuites(TestNG.java:1069)
	at org.testng.TestNG.run(TestNG.java:1037)
	at org.testng.remote.AbstractRemoteTestNG.run(AbstractRemoteTestNG.java:115)
	at org.testng.remote.RemoteTestNG.initAndRun(RemoteTestNG.java:251)
	at org.testng.remote.RemoteTestNG.main(RemoteTestNG.java:77)
</pre></div></td>
<td>0</td>
<td>Subscribe.Jawwy.testcases.Validate_Test_Country_currency_Price_Test@9a3d1d</td></tr>
<tr>
<td title='Subscribe.Jawwy.testcases.Validate_Test_Country_currency_Price_Test.Validate_Country_Currency_Package()'><b>Validate_Country_Currency_Package</b><br>Test class: Subscribe.Jawwy.testcases.Validate_Test_Country_currency_Price_Test<br>Parameters: Djibouti, , , </td>
<td><div><pre>java.lang.AssertionError: The following asserts failed:
	passed expected [true] but found [false],
	passed expected [true] but found [false]
	at Subscribe.Jawwy.pageobjects.AvalabilePackage.validatePriceAndCurrency(AvalabilePackage.java:111)
	at Subscribe.Jawwy.testcases.Validate_Test_Country_currency_Price_Test.Validate_Country_Currency_Package(Validate_Test_Country_currency_Price_Test.java:36)
	at java.util.ArrayList.forEach(ArrayList.java:1259)
... Removed 29 stack frames</pre></div><a href='#' onClick='toggleBox("stack-trace20333074", this, "Click to show all stack frames", "Click to hide stack frames")'>Click to show all stack frames</a>
<div class='stack-trace' id='stack-trace20333074'><pre>java.lang.AssertionError: The following asserts failed:
	passed expected [true] but found [false],
	passed expected [true] but found [false]
	at org.testng.asserts.SoftAssert.assertAll(SoftAssert.java:47)
	at org.testng.asserts.SoftAssert.assertAll(SoftAssert.java:31)
	at Subscribe.Jawwy.pageobjects.AvalabilePackage.validatePriceAndCurrency(AvalabilePackage.java:111)
	at Subscribe.Jawwy.testcases.Validate_Test_Country_currency_Price_Test.Validate_Country_Currency_Package(Validate_Test_Country_currency_Price_Test.java:36)
	at sun.reflect.NativeMethodAccessorImpl.invoke0(Native Method)
	at sun.reflect.NativeMethodAccessorImpl.invoke(NativeMethodAccessorImpl.java:62)
	at sun.reflect.DelegatingMethodAccessorImpl.invoke(DelegatingMethodAccessorImpl.java:43)
	at java.lang.reflect.Method.invoke(Method.java:498)
	at org.testng.internal.MethodInvocationHelper.invokeMethod(MethodInvocationHelper.java:132)
	at org.testng.internal.TestInvoker.invokeMethod(TestInvoker.java:599)
	at org.testng.internal.TestInvoker.invokeTestMethod(TestInvoker.java:174)
	at org.testng.internal.MethodRunner.runInSequence(MethodRunner.java:46)
	at org.testng.internal.TestInvoker$MethodInvocationAgent.invoke(TestInvoker.java:822)
	at org.testng.internal.TestInvoker.invokeTestMethods(TestInvoker.java:147)
	at org.testng.internal.TestMethodWorker.invokeTestMethods(TestMethodWorker.java:146)
	at org.testng.internal.TestMethodWorker.run(TestMethodWorker.java:128)
	at java.util.ArrayList.forEach(ArrayList.java:1259)
	at org.testng.TestRunner.privateRun(TestRunner.java:764)
	at org.testng.TestRunner.run(TestRunner.java:585)
	at org.testng.SuiteRunner.runTest(SuiteRunner.java:384)
	at org.testng.SuiteRunner.runSequentially(SuiteRunner.java:378)
	at org.testng.SuiteRunner.privateRun(SuiteRunner.java:337)
	at org.testng.SuiteRunner.run(SuiteRunner.java:286)
	at org.testng.SuiteRunnerWorker.runSuite(SuiteRunnerWorker.java:53)
	at org.testng.SuiteRunnerWorker.run(SuiteRunnerWorker.java:96)
	at org.testng.TestNG.runSuitesSequentially(TestNG.java:1218)
	at org.testng.TestNG.runSuitesLocally(TestNG.java:1140)
	at org.testng.TestNG.runSuites(TestNG.java:1069)
	at org.testng.TestNG.run(TestNG.java:1037)
	at org.testng.remote.AbstractRemoteTestNG.run(AbstractRemoteTestNG.java:115)
	at org.testng.remote.RemoteTestNG.initAndRun(RemoteTestNG.java:251)
	at org.testng.remote.RemoteTestNG.main(RemoteTestNG.java:77)
</pre></div></td>
<td>0</td>
<td>Subscribe.Jawwy.testcases.Validate_Test_Country_currency_Price_Test@9a3d1d</td></tr>
<tr>
<td title='Subscribe.Jawwy.testcases.Validate_Test_Country_currency_Price_Test.Validate_Country_Currency_Package()'><b>Validate_Country_Currency_Package</b><br>Test class: Subscribe.Jawwy.testcases.Validate_Test_Country_currency_Price_Test<br>Parameters: Chad, , , </td>
<td><div><pre>java.lang.AssertionError: The following asserts failed:
	passed expected [true] but found [false],
	passed expected [true] but found [false]
	at Subscribe.Jawwy.pageobjects.AvalabilePackage.validatePriceAndCurrency(AvalabilePackage.java:111)
	at Subscribe.Jawwy.testcases.Validate_Test_Country_currency_Price_Test.Validate_Country_Currency_Package(Validate_Test_Country_currency_Price_Test.java:36)
	at java.util.ArrayList.forEach(ArrayList.java:1259)
... Removed 29 stack frames</pre></div><a href='#' onClick='toggleBox("stack-trace8092151", this, "Click to show all stack frames", "Click to hide stack frames")'>Click to show all stack frames</a>
<div class='stack-trace' id='stack-trace8092151'><pre>java.lang.AssertionError: The following asserts failed:
	passed expected [true] but found [false],
	passed expected [true] but found [false]
	at org.testng.asserts.SoftAssert.assertAll(SoftAssert.java:47)
	at org.testng.asserts.SoftAssert.assertAll(SoftAssert.java:31)
	at Subscribe.Jawwy.pageobjects.AvalabilePackage.validatePriceAndCurrency(AvalabilePackage.java:111)
	at Subscribe.Jawwy.testcases.Validate_Test_Country_currency_Price_Test.Validate_Country_Currency_Package(Validate_Test_Country_currency_Price_Test.java:36)
	at sun.reflect.NativeMethodAccessorImpl.invoke0(Native Method)
	at sun.reflect.NativeMethodAccessorImpl.invoke(NativeMethodAccessorImpl.java:62)
	at sun.reflect.DelegatingMethodAccessorImpl.invoke(DelegatingMethodAccessorImpl.java:43)
	at java.lang.reflect.Method.invoke(Method.java:498)
	at org.testng.internal.MethodInvocationHelper.invokeMethod(MethodInvocationHelper.java:132)
	at org.testng.internal.TestInvoker.invokeMethod(TestInvoker.java:599)
	at org.testng.internal.TestInvoker.invokeTestMethod(TestInvoker.java:174)
	at org.testng.internal.MethodRunner.runInSequence(MethodRunner.java:46)
	at org.testng.internal.TestInvoker$MethodInvocationAgent.invoke(TestInvoker.java:822)
	at org.testng.internal.TestInvoker.invokeTestMethods(TestInvoker.java:147)
	at org.testng.internal.TestMethodWorker.invokeTestMethods(TestMethodWorker.java:146)
	at org.testng.internal.TestMethodWorker.run(TestMethodWorker.java:128)
	at java.util.ArrayList.forEach(ArrayList.java:1259)
	at org.testng.TestRunner.privateRun(TestRunner.java:764)
	at org.testng.TestRunner.run(TestRunner.java:585)
	at org.testng.SuiteRunner.runTest(SuiteRunner.java:384)
	at org.testng.SuiteRunner.runSequentially(SuiteRunner.java:378)
	at org.testng.SuiteRunner.privateRun(SuiteRunner.java:337)
	at org.testng.SuiteRunner.run(SuiteRunner.java:286)
	at org.testng.SuiteRunnerWorker.runSuite(SuiteRunnerWorker.java:53)
	at org.testng.SuiteRunnerWorker.run(SuiteRunnerWorker.java:96)
	at org.testng.TestNG.runSuitesSequentially(TestNG.java:1218)
	at org.testng.TestNG.runSuitesLocally(TestNG.java:1140)
	at org.testng.TestNG.runSuites(TestNG.java:1069)
	at org.testng.TestNG.run(TestNG.java:1037)
	at org.testng.remote.AbstractRemoteTestNG.run(AbstractRemoteTestNG.java:115)
	at org.testng.remote.RemoteTestNG.initAndRun(RemoteTestNG.java:251)
	at org.testng.remote.RemoteTestNG.main(RemoteTestNG.java:77)
</pre></div></td>
<td>0</td>
<td>Subscribe.Jawwy.testcases.Validate_Test_Country_currency_Price_Test@9a3d1d</td></tr>
<tr>
<td title='Subscribe.Jawwy.testcases.Validate_Test_Country_currency_Price_Test.Validate_Country_Currency_Package()'><b>Validate_Country_Currency_Package</b><br>Test class: Subscribe.Jawwy.testcases.Validate_Test_Country_currency_Price_Test<br>Parameters: Lebanon, , , </td>
<td><div><pre>java.lang.AssertionError: The following asserts failed:
	passed expected [true] but found [false],
	passed expected [true] but found [false]
	at Subscribe.Jawwy.pageobjects.AvalabilePackage.validatePriceAndCurrency(AvalabilePackage.java:111)
	at Subscribe.Jawwy.testcases.Validate_Test_Country_currency_Price_Test.Validate_Country_Currency_Package(Validate_Test_Country_currency_Price_Test.java:36)
	at java.util.ArrayList.forEach(ArrayList.java:1259)
... Removed 29 stack frames</pre></div><a href='#' onClick='toggleBox("stack-trace9262532", this, "Click to show all stack frames", "Click to hide stack frames")'>Click to show all stack frames</a>
<div class='stack-trace' id='stack-trace9262532'><pre>java.lang.AssertionError: The following asserts failed:
	passed expected [true] but found [false],
	passed expected [true] but found [false]
	at org.testng.asserts.SoftAssert.assertAll(SoftAssert.java:47)
	at org.testng.asserts.SoftAssert.assertAll(SoftAssert.java:31)
	at Subscribe.Jawwy.pageobjects.AvalabilePackage.validatePriceAndCurrency(AvalabilePackage.java:111)
	at Subscribe.Jawwy.testcases.Validate_Test_Country_currency_Price_Test.Validate_Country_Currency_Package(Validate_Test_Country_currency_Price_Test.java:36)
	at sun.reflect.NativeMethodAccessorImpl.invoke0(Native Method)
	at sun.reflect.NativeMethodAccessorImpl.invoke(NativeMethodAccessorImpl.java:62)
	at sun.reflect.DelegatingMethodAccessorImpl.invoke(DelegatingMethodAccessorImpl.java:43)
	at java.lang.reflect.Method.invoke(Method.java:498)
	at org.testng.internal.MethodInvocationHelper.invokeMethod(MethodInvocationHelper.java:132)
	at org.testng.internal.TestInvoker.invokeMethod(TestInvoker.java:599)
	at org.testng.internal.TestInvoker.invokeTestMethod(TestInvoker.java:174)
	at org.testng.internal.MethodRunner.runInSequence(MethodRunner.java:46)
	at org.testng.internal.TestInvoker$MethodInvocationAgent.invoke(TestInvoker.java:822)
	at org.testng.internal.TestInvoker.invokeTestMethods(TestInvoker.java:147)
	at org.testng.internal.TestMethodWorker.invokeTestMethods(TestMethodWorker.java:146)
	at org.testng.internal.TestMethodWorker.run(TestMethodWorker.java:128)
	at java.util.ArrayList.forEach(ArrayList.java:1259)
	at org.testng.TestRunner.privateRun(TestRunner.java:764)
	at org.testng.TestRunner.run(TestRunner.java:585)
	at org.testng.SuiteRunner.runTest(SuiteRunner.java:384)
	at org.testng.SuiteRunner.runSequentially(SuiteRunner.java:378)
	at org.testng.SuiteRunner.privateRun(SuiteRunner.java:337)
	at org.testng.SuiteRunner.run(SuiteRunner.java:286)
	at org.testng.SuiteRunnerWorker.runSuite(SuiteRunnerWorker.java:53)
	at org.testng.SuiteRunnerWorker.run(SuiteRunnerWorker.java:96)
	at org.testng.TestNG.runSuitesSequentially(TestNG.java:1218)
	at org.testng.TestNG.runSuitesLocally(TestNG.java:1140)
	at org.testng.TestNG.runSuites(TestNG.java:1069)
	at org.testng.TestNG.run(TestNG.java:1037)
	at org.testng.remote.AbstractRemoteTestNG.run(AbstractRemoteTestNG.java:115)
	at org.testng.remote.RemoteTestNG.initAndRun(RemoteTestNG.java:251)
	at org.testng.remote.RemoteTestNG.main(RemoteTestNG.java:77)
</pre></div></td>
<td>0</td>
<td>Subscribe.Jawwy.testcases.Validate_Test_Country_currency_Price_Test@9a3d1d</td></tr>
<tr>
<td title='Subscribe.Jawwy.testcases.Validate_Test_Country_currency_Price_Test.Validate_Country_Currency_Package()'><b>Validate_Country_Currency_Package</b><br>Test class: Subscribe.Jawwy.testcases.Validate_Test_Country_currency_Price_Test<br>Parameters: Morocco, , , </td>
<td><div><pre>java.lang.AssertionError: The following asserts failed:
	passed expected [true] but found [false],
	passed expected [true] but found [false]
	at Subscribe.Jawwy.pageobjects.AvalabilePackage.validatePriceAndCurrency(AvalabilePackage.java:111)
	at Subscribe.Jawwy.testcases.Validate_Test_Country_currency_Price_Test.Validate_Country_Currency_Package(Validate_Test_Country_currency_Price_Test.java:36)
	at java.util.ArrayList.forEach(ArrayList.java:1259)
... Removed 29 stack frames</pre></div><a href='#' onClick='toggleBox("stack-trace4606346", this, "Click to show all stack frames", "Click to hide stack frames")'>Click to show all stack frames</a>
<div class='stack-trace' id='stack-trace4606346'><pre>java.lang.AssertionError: The following asserts failed:
	passed expected [true] but found [false],
	passed expected [true] but found [false]
	at org.testng.asserts.SoftAssert.assertAll(SoftAssert.java:47)
	at org.testng.asserts.SoftAssert.assertAll(SoftAssert.java:31)
	at Subscribe.Jawwy.pageobjects.AvalabilePackage.validatePriceAndCurrency(AvalabilePackage.java:111)
	at Subscribe.Jawwy.testcases.Validate_Test_Country_currency_Price_Test.Validate_Country_Currency_Package(Validate_Test_Country_currency_Price_Test.java:36)
	at sun.reflect.NativeMethodAccessorImpl.invoke0(Native Method)
	at sun.reflect.NativeMethodAccessorImpl.invoke(NativeMethodAccessorImpl.java:62)
	at sun.reflect.DelegatingMethodAccessorImpl.invoke(DelegatingMethodAccessorImpl.java:43)
	at java.lang.reflect.Method.invoke(Method.java:498)
	at org.testng.internal.MethodInvocationHelper.invokeMethod(MethodInvocationHelper.java:132)
	at org.testng.internal.TestInvoker.invokeMethod(TestInvoker.java:599)
	at org.testng.internal.TestInvoker.invokeTestMethod(TestInvoker.java:174)
	at org.testng.internal.MethodRunner.runInSequence(MethodRunner.java:46)
	at org.testng.internal.TestInvoker$MethodInvocationAgent.invoke(TestInvoker.java:822)
	at org.testng.internal.TestInvoker.invokeTestMethods(TestInvoker.java:147)
	at org.testng.internal.TestMethodWorker.invokeTestMethods(TestMethodWorker.java:146)
	at org.testng.internal.TestMethodWorker.run(TestMethodWorker.java:128)
	at java.util.ArrayList.forEach(ArrayList.java:1259)
	at org.testng.TestRunner.privateRun(TestRunner.java:764)
	at org.testng.TestRunner.run(TestRunner.java:585)
	at org.testng.SuiteRunner.runTest(SuiteRunner.java:384)
	at org.testng.SuiteRunner.runSequentially(SuiteRunner.java:378)
	at org.testng.SuiteRunner.privateRun(SuiteRunner.java:337)
	at org.testng.SuiteRunner.run(SuiteRunner.java:286)
	at org.testng.SuiteRunnerWorker.runSuite(SuiteRunnerWorker.java:53)
	at org.testng.SuiteRunnerWorker.run(SuiteRunnerWorker.java:96)
	at org.testng.TestNG.runSuitesSequentially(TestNG.java:1218)
	at org.testng.TestNG.runSuitesLocally(TestNG.java:1140)
	at org.testng.TestNG.runSuites(TestNG.java:1069)
	at org.testng.TestNG.run(TestNG.java:1037)
	at org.testng.remote.AbstractRemoteTestNG.run(AbstractRemoteTestNG.java:115)
	at org.testng.remote.RemoteTestNG.initAndRun(RemoteTestNG.java:251)
	at org.testng.remote.RemoteTestNG.main(RemoteTestNG.java:77)
</pre></div></td>
<td>0</td>
<td>Subscribe.Jawwy.testcases.Validate_Test_Country_currency_Price_Test@9a3d1d</td></tr>
</table><p>
<table width='100%' border='1' class='invocation-passed'>
<tr><td colspan='4' align='center'><b>PASSED TESTS</b></td></tr>
<tr><td><b>Test method</b></td>
<td width="30%"><b>Exception</b></td>
<td width="10%"><b>Time (seconds)</b></td>
<td><b>Instance</b></td>
</tr>
<tr>
<td title='Subscribe.Jawwy.testcases.Country_Selector_Test.Countryselector()'><b>Countryselector</b><br>Test class: Subscribe.Jawwy.testcases.Country_Selector_Test</td>
<td></td>
<td>0</td>
<td>Subscribe.Jawwy.testcases.Country_Selector_Test@80503</td></tr>
<tr>
<td title='Subscribe.Jawwy.testcases.Country_Selector_Test.Egypt()'><b>Egypt</b><br>Test class: Subscribe.Jawwy.testcases.Country_Selector_Test</td>
<td></td>
<td>0</td>
<td>Subscribe.Jawwy.testcases.Country_Selector_Test@80503</td></tr>
<tr>
<td title='Subscribe.Jawwy.testcases.Validate_Test_Country_currency_Price_Test.Get_Country_currency_Package()'><b>Get_Country_currency_Package</b><br>Test class: Subscribe.Jawwy.testcases.Validate_Test_Country_currency_Price_Test<br>Parameters: Egypt, CLASSIC, 10.00, Egyptian pound</td>
<td></td>
<td>0</td>
<td>Subscribe.Jawwy.testcases.Validate_Test_Country_currency_Price_Test@9a3d1d</td></tr>
<tr>
<td title='Subscribe.Jawwy.testcases.Validate_Test_Country_currency_Price_Test.Get_Country_currency_Package()'><b>Get_Country_currency_Package</b><br>Test class: Subscribe.Jawwy.testcases.Validate_Test_Country_currency_Price_Test<br>Parameters: UAE, CLASSIC, 10.00, AED</td>
<td></td>
<td>0</td>
<td>Subscribe.Jawwy.testcases.Validate_Test_Country_currency_Price_Test@9a3d1d</td></tr>
<tr>
<td title='Subscribe.Jawwy.testcases.Validate_Test_Country_currency_Price_Test.Get_Country_currency_Package()'><b>Get_Country_currency_Package</b><br>Test class: Subscribe.Jawwy.testcases.Validate_Test_Country_currency_Price_Test<br>Parameters: Iraq, CLASSIC, 900.00, IQ</td>
<td></td>
<td>0</td>
<td>Subscribe.Jawwy.testcases.Validate_Test_Country_currency_Price_Test@9a3d1d</td></tr>
<tr>
<td title='Subscribe.Jawwy.testcases.Validate_Test_Country_currency_Price_Test.Get_Country_currency_Package()'><b>Get_Country_currency_Package</b><br>Test class: Subscribe.Jawwy.testcases.Validate_Test_Country_currency_Price_Test<br>Parameters: Jordan, CLASSIC, 0.99, JOD</td>
<td></td>
<td>0</td>
<td>Subscribe.Jawwy.testcases.Validate_Test_Country_currency_Price_Test@9a3d1d</td></tr>
<tr>
<td title='Subscribe.Jawwy.testcases.Validate_Test_Country_currency_Price_Test.Get_Country_currency_Package()'><b>Get_Country_currency_Package</b><br>Test class: Subscribe.Jawwy.testcases.Validate_Test_Country_currency_Price_Test<br>Parameters: Oman, CLASSIC, 1.00, OMR</td>
<td></td>
<td>0</td>
<td>Subscribe.Jawwy.testcases.Validate_Test_Country_currency_Price_Test@9a3d1d</td></tr>
<tr>
<td title='Subscribe.Jawwy.testcases.Validate_Test_Country_currency_Price_Test.Get_Country_currency_Package()'><b>Get_Country_currency_Package</b><br>Test class: Subscribe.Jawwy.testcases.Validate_Test_Country_currency_Price_Test<br>Parameters: Tunisia, CLASSIC, 1.00, TND</td>
<td></td>
<td>0</td>
<td>Subscribe.Jawwy.testcases.Validate_Test_Country_currency_Price_Test@9a3d1d</td></tr>
<tr>
<td title='Subscribe.Jawwy.testcases.Validate_Test_Country_currency_Price_Test.Get_Country_currency_Package()'><b>Get_Country_currency_Package</b><br>Test class: Subscribe.Jawwy.testcases.Validate_Test_Country_currency_Price_Test<br>Parameters: Yemen, , , </td>
<td></td>
<td>0</td>
<td>Subscribe.Jawwy.testcases.Validate_Test_Country_currency_Price_Test@9a3d1d</td></tr>
<tr>
<td title='Subscribe.Jawwy.testcases.Validate_Test_Country_currency_Price_Test.Get_Country_currency_Package()'><b>Get_Country_currency_Package</b><br>Test class: Subscribe.Jawwy.testcases.Validate_Test_Country_currency_Price_Test<br>Parameters: Palestine, , , </td>
<td></td>
<td>0</td>
<td>Subscribe.Jawwy.testcases.Validate_Test_Country_currency_Price_Test@9a3d1d</td></tr>
<tr>
<td title='Subscribe.Jawwy.testcases.Validate_Test_Country_currency_Price_Test.Get_Country_currency_Package()'><b>Get_Country_currency_Package</b><br>Test class: Subscribe.Jawwy.testcases.Validate_Test_Country_currency_Price_Test<br>Parameters: Algeria, , , </td>
<td></td>
<td>0</td>
<td>Subscribe.Jawwy.testcases.Validate_Test_Country_currency_Price_Test@9a3d1d</td></tr>
<tr>
<td title='Subscribe.Jawwy.testcases.Validate_Test_Country_currency_Price_Test.Get_Country_currency_Package()'><b>Get_Country_currency_Package</b><br>Test class: Subscribe.Jawwy.testcases.Validate_Test_Country_currency_Price_Test<br>Parameters: Djibouti, , , </td>
<td></td>
<td>0</td>
<td>Subscribe.Jawwy.testcases.Validate_Test_Country_currency_Price_Test@9a3d1d</td></tr>
<tr>
<td title='Subscribe.Jawwy.testcases.Validate_Test_Country_currency_Price_Test.Get_Country_currency_Package()'><b>Get_Country_currency_Package</b><br>Test class: Subscribe.Jawwy.testcases.Validate_Test_Country_currency_Price_Test<br>Parameters: Chad, , , </td>
<td></td>
<td>0</td>
<td>Subscribe.Jawwy.testcases.Validate_Test_Country_currency_Price_Test@9a3d1d</td></tr>
<tr>
<td title='Subscribe.Jawwy.testcases.Validate_Test_Country_currency_Price_Test.Get_Country_currency_Package()'><b>Get_Country_currency_Package</b><br>Test class: Subscribe.Jawwy.testcases.Validate_Test_Country_currency_Price_Test<br>Parameters: Lebanon, , , </td>
<td></td>
<td>0</td>
<td>Subscribe.Jawwy.testcases.Validate_Test_Country_currency_Price_Test@9a3d1d</td></tr>
<tr>
<td title='Subscribe.Jawwy.testcases.Validate_Test_Country_currency_Price_Test.Get_Country_currency_Package()'><b>Get_Country_currency_Package</b><br>Test class: Subscribe.Jawwy.testcases.Validate_Test_Country_currency_Price_Test<br>Parameters: Morocco, , , </td>
<td></td>
<td>0</td>
<td>Subscribe.Jawwy.testcases.Validate_Test_Country_currency_Price_Test@9a3d1d</td></tr>
<tr>
<td title='Subscribe.Jawwy.testcases.Country_Selector_Test.UAE()'><b>UAE</b><br>Test class: Subscribe.Jawwy.testcases.Country_Selector_Test</td>
<td></td>
<td>1</td>
<td>Subscribe.Jawwy.testcases.Country_Selector_Test@80503</td></tr>
<tr>
<td title='Subscribe.Jawwy.testcases.Validate_Avalaible_Packages_Test.check_Lite_Package()'><b>check_Lite_Package</b><br>Test class: Subscribe.Jawwy.testcases.Validate_Avalaible_Packages_Test</td>
<td></td>
<td>0</td>
<td>Subscribe.Jawwy.testcases.Validate_Avalaible_Packages_Test@1553d26</td></tr>
<tr>
<td title='Subscribe.Jawwy.testcases.Validate_Avalaible_Packages_Test.check_PREMIUM_Package()'><b>check_PREMIUM_Package</b><br>Test class: Subscribe.Jawwy.testcases.Validate_Avalaible_Packages_Test</td>
<td></td>
<td>0</td>
<td>Subscribe.Jawwy.testcases.Validate_Avalaible_Packages_Test@1553d26</td></tr>
<tr>
<td title='Subscribe.Jawwy.testcases.Validate_Avalaible_Packages_Test.check_classic_Package()'><b>check_classic_Package</b><br>Test class: Subscribe.Jawwy.testcases.Validate_Avalaible_Packages_Test</td>
<td></td>
<td>0</td>
<td>Subscribe.Jawwy.testcases.Validate_Avalaible_Packages_Test@1553d26</td></tr>
<tr>
<td title='Subscribe.Jawwy.testcases.CloseURL_Test.close()'><b>close</b><br>Test class: Subscribe.Jawwy.testcases.CloseURL_Test</td>
<td></td>
<td>0</td>
<td>Subscribe.Jawwy.testcases.CloseURL_Test@6be70a</td></tr>
<tr>
<td title='Subscribe.Jawwy.testcases.OpenURL_Test.setup()'><b>setup</b><br>Test class: Subscribe.Jawwy.testcases.OpenURL_Test</td>
<td></td>
<td>3</td>
<td>Subscribe.Jawwy.testcases.OpenURL_Test@1943d71</td></tr>
</table><p>
</body>
</html>