<?xml version="1.0" encoding="UTF-8"?>
<!-- Generated by org.testng.reporters.JUnitXMLReporter -->
<testsuite hostname="AS-40" ignored="8" name="tedst" tests="34" failures="13" timestamp="2023-03-18T19:51:20 EET" time="9.963" errors="0">
  <testcase name="setup" time="3.817" classname="Subscribe.Jawwy.testcases.OpenURL_Test"/>
  <testcase name="Countryselector" time="0.257" classname="Subscribe.Jawwy.testcases.Country_Selector_Test"/>
  <testcase name="Egypt" time="0.192" classname="Subscribe.Jawwy.testcases.Country_Selector_Test"/>
  <testcase name="UAE" time="1.011" classname="Subscribe.Jawwy.testcases.Country_Selector_Test"/>
  <testcase name="check_Lite_Package" time="0.172" classname="Subscribe.Jawwy.testcases.Validate_Avalaible_Packages_Test"/>
  <testcase name="check_classic_Package" time="0.136" classname="Subscribe.Jawwy.testcases.Validate_Avalaible_Packages_Test"/>
  <testcase name="check_PREMIUM_Package" time="0.093" classname="Subscribe.Jawwy.testcases.Validate_Avalaible_Packages_Test"/>
  <testcase name="Get_Country_currency_Package" time="0.102" classname="Subscribe.Jawwy.testcases.Validate_Test_Country_currency_Price_Test"/>
  <testcase name="Get_Country_currency_Package" time="0.099" classname="Subscribe.Jawwy.testcases.Validate_Test_Country_currency_Price_Test"/>
  <testcase name="Get_Country_currency_Package" time="0.169" classname="Subscribe.Jawwy.testcases.Validate_Test_Country_currency_Price_Test"/>
  <testcase name="Get_Country_currency_Package" time="0.134" classname="Subscribe.Jawwy.testcases.Validate_Test_Country_currency_Price_Test"/>
  <testcase name="Get_Country_currency_Package" time="0.099" classname="Subscribe.Jawwy.testcases.Validate_Test_Country_currency_Price_Test"/>
  <testcase name="Get_Country_currency_Package" time="0.113" classname="Subscribe.Jawwy.testcases.Validate_Test_Country_currency_Price_Test"/>
  <testcase name="Get_Country_currency_Package" time="0.104" classname="Subscribe.Jawwy.testcases.Validate_Test_Country_currency_Price_Test"/>
  <testcase name="Get_Country_currency_Package" time="0.092" classname="Subscribe.Jawwy.testcases.Validate_Test_Country_currency_Price_Test"/>
  <testcase name="Get_Country_currency_Package" time="0.096" classname="Subscribe.Jawwy.testcases.Validate_Test_Country_currency_Price_Test"/>
  <testcase name="Get_Country_currency_Package" time="0.093" classname="Subscribe.Jawwy.testcases.Validate_Test_Country_currency_Price_Test"/>
  <testcase name="Get_Country_currency_Package" time="0.091" classname="Subscribe.Jawwy.testcases.Validate_Test_Country_currency_Price_Test"/>
  <testcase name="Get_Country_currency_Package" time="0.095" classname="Subscribe.Jawwy.testcases.Validate_Test_Country_currency_Price_Test"/>
  <testcase name="Get_Country_currency_Package" time="0.105" classname="Subscribe.Jawwy.testcases.Validate_Test_Country_currency_Price_Test"/>
  <testcase name="Validate_Country_Currency_Package" time="0.022" classname="Subscribe.Jawwy.testcases.Validate_Test_Country_currency_Price_Test">
    <failure type="java.lang.AssertionError" message="The following asserts failed:
	passed expected [true] but found [false]">
      <![CDATA[java.lang.AssertionError: The following asserts failed:
passed expected [true] but found [false]
at Subscribe.Jawwy.pageobjects.AvalabilePackage.validatePriceAndCurrency(AvalabilePackage.java:111)
at Subscribe.Jawwy.testcases.Validate_Test_Country_currency_Price_Test.Validate_Country_Currency_Package(Validate_Test_Country_currency_Price_Test.java:36)
at java.util.ArrayList.forEach(ArrayList.java:1259)
... Removed 29 stack frames]]>
    </failure>
  </testcase> <!-- Validate_Country_Currency_Package -->
  <testcase name="Validate_Country_Currency_Package" time="0.029" classname="Subscribe.Jawwy.testcases.Validate_Test_Country_currency_Price_Test">
    <failure type="java.lang.AssertionError" message="The following asserts failed:
	passed expected [true] but found [false],
	passed expected [true] but found [false]">
      <![CDATA[java.lang.AssertionError: The following asserts failed:
passed expected [true] but found [false],
passed expected [true] but found [false]
at Subscribe.Jawwy.pageobjects.AvalabilePackage.validatePriceAndCurrency(AvalabilePackage.java:111)
at Subscribe.Jawwy.testcases.Validate_Test_Country_currency_Price_Test.Validate_Country_Currency_Package(Validate_Test_Country_currency_Price_Test.java:36)
at java.util.ArrayList.forEach(ArrayList.java:1259)
... Removed 29 stack frames]]>
    </failure>
  </testcase> <!-- Validate_Country_Currency_Package -->
  <testcase name="Validate_Country_Currency_Package" time="0.03" classname="Subscribe.Jawwy.testcases.Validate_Test_Country_currency_Price_Test">
    <failure type="java.lang.AssertionError" message="The following asserts failed:
	passed expected [true] but found [false],
	passed expected [true] but found [false]">
      <![CDATA[java.lang.AssertionError: The following asserts failed:
passed expected [true] but found [false],
passed expected [true] but found [false]
at Subscribe.Jawwy.pageobjects.AvalabilePackage.validatePriceAndCurrency(AvalabilePackage.java:111)
at Subscribe.Jawwy.testcases.Validate_Test_Country_currency_Price_Test.Validate_Country_Currency_Package(Validate_Test_Country_currency_Price_Test.java:36)
at java.util.ArrayList.forEach(ArrayList.java:1259)
... Removed 29 stack frames]]>
    </failure>
  </testcase> <!-- Validate_Country_Currency_Package -->
  <testcase name="Validate_Country_Currency_Package" time="0.02" classname="Subscribe.Jawwy.testcases.Validate_Test_Country_currency_Price_Test">
    <failure type="java.lang.AssertionError" message="The following asserts failed:
	passed expected [true] but found [false],
	passed expected [true] but found [false]">
      <![CDATA[java.lang.AssertionError: The following asserts failed:
passed expected [true] but found [false],
passed expected [true] but found [false]
at Subscribe.Jawwy.pageobjects.AvalabilePackage.validatePriceAndCurrency(AvalabilePackage.java:111)
at Subscribe.Jawwy.testcases.Validate_Test_Country_currency_Price_Test.Validate_Country_Currency_Package(Validate_Test_Country_currency_Price_Test.java:36)
at java.util.ArrayList.forEach(ArrayList.java:1259)
... Removed 29 stack frames]]>
    </failure>
  </testcase> <!-- Validate_Country_Currency_Package -->
  <testcase name="Validate_Country_Currency_Package" time="0.022" classname="Subscribe.Jawwy.testcases.Validate_Test_Country_currency_Price_Test">
    <failure type="java.lang.AssertionError" message="The following asserts failed:
	passed expected [true] but found [false],
	passed expected [true] but found [false]">
      <![CDATA[java.lang.AssertionError: The following asserts failed:
passed expected [true] but found [false],
passed expected [true] but found [false]
at Subscribe.Jawwy.pageobjects.AvalabilePackage.validatePriceAndCurrency(AvalabilePackage.java:111)
at Subscribe.Jawwy.testcases.Validate_Test_Country_currency_Price_Test.Validate_Country_Currency_Package(Validate_Test_Country_currency_Price_Test.java:36)
at java.util.ArrayList.forEach(ArrayList.java:1259)
... Removed 29 stack frames]]>
    </failure>
  </testcase> <!-- Validate_Country_Currency_Package -->
  <testcase name="Validate_Country_Currency_Package" time="0.02" classname="Subscribe.Jawwy.testcases.Validate_Test_Country_currency_Price_Test">
    <failure type="java.lang.AssertionError" message="The following asserts failed:
	passed expected [true] but found [false],
	passed expected [true] but found [false]">
      <![CDATA[java.lang.AssertionError: The following asserts failed:
passed expected [true] but found [false],
passed expected [true] but found [false]
at Subscribe.Jawwy.pageobjects.AvalabilePackage.validatePriceAndCurrency(AvalabilePackage.java:111)
at Subscribe.Jawwy.testcases.Validate_Test_Country_currency_Price_Test.Validate_Country_Currency_Package(Validate_Test_Country_currency_Price_Test.java:36)
at java.util.ArrayList.forEach(ArrayList.java:1259)
... Removed 29 stack frames]]>
    </failure>
  </testcase> <!-- Validate_Country_Currency_Package -->
  <testcase name="Validate_Country_Currency_Package" time="0.033" classname="Subscribe.Jawwy.testcases.Validate_Test_Country_currency_Price_Test">
    <failure type="java.lang.AssertionError" message="The following asserts failed:
	passed expected [true] but found [false],
	passed expected [true] but found [false]">
      <![CDATA[java.lang.AssertionError: The following asserts failed:
passed expected [true] but found [false],
passed expected [true] but found [false]
at Subscribe.Jawwy.pageobjects.AvalabilePackage.validatePriceAndCurrency(AvalabilePackage.java:111)
at Subscribe.Jawwy.testcases.Validate_Test_Country_currency_Price_Test.Validate_Country_Currency_Package(Validate_Test_Country_currency_Price_Test.java:36)
at java.util.ArrayList.forEach(ArrayList.java:1259)
... Removed 29 stack frames]]>
    </failure>
  </testcase> <!-- Validate_Country_Currency_Package -->
  <testcase name="Validate_Country_Currency_Package" time="0.022" classname="Subscribe.Jawwy.testcases.Validate_Test_Country_currency_Price_Test">
    <failure type="java.lang.AssertionError" message="The following asserts failed:
	passed expected [true] but found [false],
	passed expected [true] but found [false]">
      <![CDATA[java.lang.AssertionError: The following asserts failed:
passed expected [true] but found [false],
passed expected [true] but found [false]
at Subscribe.Jawwy.pageobjects.AvalabilePackage.validatePriceAndCurrency(AvalabilePackage.java:111)
at Subscribe.Jawwy.testcases.Validate_Test_Country_currency_Price_Test.Validate_Country_Currency_Package(Validate_Test_Country_currency_Price_Test.java:36)
at java.util.ArrayList.forEach(ArrayList.java:1259)
... Removed 29 stack frames]]>
    </failure>
  </testcase> <!-- Validate_Country_Currency_Package -->
  <testcase name="Validate_Country_Currency_Package" time="0.032" classname="Subscribe.Jawwy.testcases.Validate_Test_Country_currency_Price_Test">
    <failure type="java.lang.AssertionError" message="The following asserts failed:
	passed expected [true] but found [false],
	passed expected [true] but found [false]">
      <![CDATA[java.lang.AssertionError: The following asserts failed:
passed expected [true] but found [false],
passed expected [true] but found [false]
at Subscribe.Jawwy.pageobjects.AvalabilePackage.validatePriceAndCurrency(AvalabilePackage.java:111)
at Subscribe.Jawwy.testcases.Validate_Test_Country_currency_Price_Test.Validate_Country_Currency_Package(Validate_Test_Country_currency_Price_Test.java:36)
at java.util.ArrayList.forEach(ArrayList.java:1259)
... Removed 29 stack frames]]>
    </failure>
  </testcase> <!-- Validate_Country_Currency_Package -->
  <testcase name="Validate_Country_Currency_Package" time="0.022" classname="Subscribe.Jawwy.testcases.Validate_Test_Country_currency_Price_Test">
    <failure type="java.lang.AssertionError" message="The following asserts failed:
	passed expected [true] but found [false],
	passed expected [true] but found [false]">
      <![CDATA[java.lang.AssertionError: The following asserts failed:
passed expected [true] but found [false],
passed expected [true] but found [false]
at Subscribe.Jawwy.pageobjects.AvalabilePackage.validatePriceAndCurrency(AvalabilePackage.java:111)
at Subscribe.Jawwy.testcases.Validate_Test_Country_currency_Price_Test.Validate_Country_Currency_Package(Validate_Test_Country_currency_Price_Test.java:36)
at java.util.ArrayList.forEach(ArrayList.java:1259)
... Removed 29 stack frames]]>
    </failure>
  </testcase> <!-- Validate_Country_Currency_Package -->
  <testcase name="Validate_Country_Currency_Package" time="0.024" classname="Subscribe.Jawwy.testcases.Validate_Test_Country_currency_Price_Test">
    <failure type="java.lang.AssertionError" message="The following asserts failed:
	passed expected [true] but found [false],
	passed expected [true] but found [false]">
      <![CDATA[java.lang.AssertionError: The following asserts failed:
passed expected [true] but found [false],
passed expected [true] but found [false]
at Subscribe.Jawwy.pageobjects.AvalabilePackage.validatePriceAndCurrency(AvalabilePackage.java:111)
at Subscribe.Jawwy.testcases.Validate_Test_Country_currency_Price_Test.Validate_Country_Currency_Package(Validate_Test_Country_currency_Price_Test.java:36)
at java.util.ArrayList.forEach(ArrayList.java:1259)
... Removed 29 stack frames]]>
    </failure>
  </testcase> <!-- Validate_Country_Currency_Package -->
  <testcase name="Validate_Country_Currency_Package" time="0.027" classname="Subscribe.Jawwy.testcases.Validate_Test_Country_currency_Price_Test">
    <failure type="java.lang.AssertionError" message="The following asserts failed:
	passed expected [true] but found [false],
	passed expected [true] but found [false]">
      <![CDATA[java.lang.AssertionError: The following asserts failed:
passed expected [true] but found [false],
passed expected [true] but found [false]
at Subscribe.Jawwy.pageobjects.AvalabilePackage.validatePriceAndCurrency(AvalabilePackage.java:111)
at Subscribe.Jawwy.testcases.Validate_Test_Country_currency_Price_Test.Validate_Country_Currency_Package(Validate_Test_Country_currency_Price_Test.java:36)
at java.util.ArrayList.forEach(ArrayList.java:1259)
... Removed 29 stack frames]]>
    </failure>
  </testcase> <!-- Validate_Country_Currency_Package -->
  <testcase name="Validate_Country_Currency_Package" time="0.024" classname="Subscribe.Jawwy.testcases.Validate_Test_Country_currency_Price_Test">
    <failure type="java.lang.AssertionError" message="The following asserts failed:
	passed expected [true] but found [false],
	passed expected [true] but found [false]">
      <![CDATA[java.lang.AssertionError: The following asserts failed:
passed expected [true] but found [false],
passed expected [true] but found [false]
at Subscribe.Jawwy.pageobjects.AvalabilePackage.validatePriceAndCurrency(AvalabilePackage.java:111)
at Subscribe.Jawwy.testcases.Validate_Test_Country_currency_Price_Test.Validate_Country_Currency_Package(Validate_Test_Country_currency_Price_Test.java:36)
at java.util.ArrayList.forEach(ArrayList.java:1259)
... Removed 29 stack frames]]>
    </failure>
  </testcase> <!-- Validate_Country_Currency_Package -->
  <testcase name="close" time="0.084" classname="Subscribe.Jawwy.testcases.CloseURL_Test"/>
  <testcase name="@BeforeSuite loadConfig" time="0.0" classname="Subscribe.Jawwy.base.BaseClass">
    <ignored/>
  </testcase> <!-- @BeforeSuite loadConfig -->
  <testcase name="@BeforeSuite loadConfig" time="0.0" classname="Subscribe.Jawwy.base.BaseClass">
    <ignored/>
  </testcase> <!-- @BeforeSuite loadConfig -->
  <testcase name="@BeforeSuite loadConfig" time="0.0" classname="Subscribe.Jawwy.base.BaseClass">
    <ignored/>
  </testcase> <!-- @BeforeSuite loadConfig -->
  <testcase name="@BeforeSuite loadConfig" time="0.0" classname="Subscribe.Jawwy.base.BaseClass">
    <ignored/>
  </testcase> <!-- @BeforeSuite loadConfig -->
  <testcase name="@AfterSuite afterSuite" time="0.0" classname="Subscribe.Jawwy.base.BaseClass">
    <ignored/>
  </testcase> <!-- @AfterSuite afterSuite -->
  <testcase name="@AfterSuite afterSuite" time="0.0" classname="Subscribe.Jawwy.base.BaseClass">
    <ignored/>
  </testcase> <!-- @AfterSuite afterSuite -->
  <testcase name="@AfterSuite afterSuite" time="0.0" classname="Subscribe.Jawwy.base.BaseClass">
    <ignored/>
  </testcase> <!-- @AfterSuite afterSuite -->
  <testcase name="@AfterSuite afterSuite" time="0.0" classname="Subscribe.Jawwy.base.BaseClass">
    <ignored/>
  </testcase> <!-- @AfterSuite afterSuite -->
</testsuite> <!-- tedst -->
