<?xml version="1.0" encoding="UTF-8"?>
<testng-results skipped="0" failed="2" ignored="24" total="52" passed="26">
  <reporter-output>
  </reporter-output>
  <suite name="Suite" duration-ms="39023" started-at="2023-03-18T19:54:52 EET" finished-at="2023-03-18T19:55:31 EET">
    <groups>
    </groups>
    <test name="UAE" duration-ms="6753" started-at="2023-03-18T19:54:52 EET" finished-at="2023-03-18T19:54:59 EET">
      <class name="Subscribe.Jawwy.testcases.OpenURL_Test">
        <test-method status="PASS" signature="setup()[pri:1, instance:Subscribe.Jawwy.testcases.OpenURL_Test@1943d71]" name="setup" duration-ms="3738" started-at="2023-03-18T19:54:52 EET" finished-at="2023-03-18T19:54:56 EET">
          <reporter-output>
          </reporter-output>
        </test-method> <!-- setup -->
      </class> <!-- Subscribe.Jawwy.testcases.OpenURL_Test -->
      <class name="Subscribe.Jawwy.testcases.Validate_Avalaible_Packages_Test">
        <test-method status="PASS" signature="check_Lite_Package()[pri:1, instance:Subscribe.Jawwy.testcases.Validate_Avalaible_Packages_Test@1553d26]" name="check_Lite_Package" duration-ms="460" started-at="2023-03-18T19:54:58 EET" finished-at="2023-03-18T19:54:58 EET">
          <reporter-output>
          </reporter-output>
        </test-method> <!-- check_Lite_Package -->
        <test-method status="PASS" signature="check_classic_Package()[pri:2, instance:Subscribe.Jawwy.testcases.Validate_Avalaible_Packages_Test@1553d26]" name="check_classic_Package" duration-ms="143" started-at="2023-03-18T19:54:58 EET" finished-at="2023-03-18T19:54:58 EET">
          <reporter-output>
          </reporter-output>
        </test-method> <!-- check_classic_Package -->
        <test-method status="PASS" signature="check_PREMIUM_Package()[pri:3, instance:Subscribe.Jawwy.testcases.Validate_Avalaible_Packages_Test@1553d26]" name="check_PREMIUM_Package" duration-ms="76" started-at="2023-03-18T19:54:58 EET" finished-at="2023-03-18T19:54:58 EET">
          <reporter-output>
          </reporter-output>
        </test-method> <!-- check_PREMIUM_Package -->
      </class> <!-- Subscribe.Jawwy.testcases.Validate_Avalaible_Packages_Test -->
      <class name="Subscribe.Jawwy.testcases.CloseURL_Test">
        <test-method status="PASS" signature="close()[pri:1, instance:Subscribe.Jawwy.testcases.CloseURL_Test@6be70a]" name="close" duration-ms="104" started-at="2023-03-18T19:54:59 EET" finished-at="2023-03-18T19:54:59 EET">
          <reporter-output>
          </reporter-output>
        </test-method> <!-- close -->
      </class> <!-- Subscribe.Jawwy.testcases.CloseURL_Test -->
      <class name="Subscribe.Jawwy.testcases.Validate_UAE_Country_currency_Price_Test">
        <test-method status="PASS" signature="Get_UAE_Country_currency_Package(java.lang.String, java.lang.String, java.lang.String, java.lang.String)[pri:1, instance:Subscribe.Jawwy.testcases.Validate_UAE_Country_currency_Price_Test@9a3d1d]" name="Get_UAE_Country_currency_Package" duration-ms="200" started-at="2023-03-18T19:54:59 EET" data-provider="UAE" finished-at="2023-03-18T19:54:59 EET">
          <params>
            <param index="0">
              <value>
                <![CDATA[UAE]]>
              </value>
            </param>
            <param index="1">
              <value>
                <![CDATA[CLASSIC]]>
              </value>
            </param>
            <param index="2">
              <value>
                <![CDATA[10.00]]>
              </value>
            </param>
            <param index="3">
              <value>
                <![CDATA[AED]]>
              </value>
            </param>
          </params>
          <reporter-output>
          </reporter-output>
        </test-method> <!-- Get_UAE_Country_currency_Package -->
        <test-method status="PASS" signature="Validate_Country_Currency_Package(java.lang.String, java.lang.String, java.lang.String, java.lang.String)[pri:2, instance:Subscribe.Jawwy.testcases.Validate_UAE_Country_currency_Price_Test@9a3d1d]" name="Validate_Country_Currency_Package" duration-ms="30" started-at="2023-03-18T19:54:59 EET" data-provider="UAE" finished-at="2023-03-18T19:54:59 EET">
          <params>
            <param index="0">
              <value>
                <![CDATA[UAE]]>
              </value>
            </param>
            <param index="1">
              <value>
                <![CDATA[CLASSIC]]>
              </value>
            </param>
            <param index="2">
              <value>
                <![CDATA[10.00]]>
              </value>
            </param>
            <param index="3">
              <value>
                <![CDATA[AED]]>
              </value>
            </param>
          </params>
          <reporter-output>
          </reporter-output>
        </test-method> <!-- Validate_Country_Currency_Package -->
      </class> <!-- Subscribe.Jawwy.testcases.Validate_UAE_Country_currency_Price_Test -->
      <class name="Subscribe.Jawwy.testcases.UAE_Country_Selector_Test">
        <test-method status="PASS" signature="Countryselector()[pri:1, instance:Subscribe.Jawwy.testcases.UAE_Country_Selector_Test@80503]" name="Countryselector" duration-ms="235" started-at="2023-03-18T19:54:56 EET" finished-at="2023-03-18T19:54:56 EET">
          <reporter-output>
          </reporter-output>
        </test-method> <!-- Countryselector -->
        <test-method status="PASS" signature="UAE()[pri:2, instance:Subscribe.Jawwy.testcases.UAE_Country_Selector_Test@80503]" name="UAE" duration-ms="1310" started-at="2023-03-18T19:54:56 EET" finished-at="2023-03-18T19:54:58 EET">
          <reporter-output>
          </reporter-output>
        </test-method> <!-- UAE -->
      </class> <!-- Subscribe.Jawwy.testcases.UAE_Country_Selector_Test -->
    </test> <!-- UAE -->
    <test name="Egypt" duration-ms="5799" started-at="2023-03-18T19:54:59 EET" finished-at="2023-03-18T19:55:05 EET">
      <class name="Subscribe.Jawwy.testcases.OpenURL_Test">
        <test-method status="PASS" signature="setup()[pri:1, instance:Subscribe.Jawwy.testcases.OpenURL_Test@285225]" name="setup" duration-ms="3725" started-at="2023-03-18T19:54:59 EET" finished-at="2023-03-18T19:55:03 EET">
          <reporter-output>
          </reporter-output>
        </test-method> <!-- setup -->
      </class> <!-- Subscribe.Jawwy.testcases.OpenURL_Test -->
      <class name="Subscribe.Jawwy.testcases.Validate_Avalaible_Packages_Test">
        <test-method status="PASS" signature="check_Lite_Package()[pri:1, instance:Subscribe.Jawwy.testcases.Validate_Avalaible_Packages_Test@1820e51]" name="check_Lite_Package" duration-ms="93" started-at="2023-03-18T19:55:04 EET" finished-at="2023-03-18T19:55:05 EET">
          <reporter-output>
          </reporter-output>
        </test-method> <!-- check_Lite_Package -->
        <test-method status="PASS" signature="check_classic_Package()[pri:2, instance:Subscribe.Jawwy.testcases.Validate_Avalaible_Packages_Test@1820e51]" name="check_classic_Package" duration-ms="82" started-at="2023-03-18T19:55:05 EET" finished-at="2023-03-18T19:55:05 EET">
          <reporter-output>
          </reporter-output>
        </test-method> <!-- check_classic_Package -->
        <test-method status="PASS" signature="check_PREMIUM_Package()[pri:3, instance:Subscribe.Jawwy.testcases.Validate_Avalaible_Packages_Test@1820e51]" name="check_PREMIUM_Package" duration-ms="90" started-at="2023-03-18T19:55:05 EET" finished-at="2023-03-18T19:55:05 EET">
          <reporter-output>
          </reporter-output>
        </test-method> <!-- check_PREMIUM_Package -->
      </class> <!-- Subscribe.Jawwy.testcases.Validate_Avalaible_Packages_Test -->
      <class name="Subscribe.Jawwy.testcases.CloseURL_Test">
        <test-method status="PASS" signature="close()[pri:1, instance:Subscribe.Jawwy.testcases.CloseURL_Test@43cd28]" name="close" duration-ms="124" started-at="2023-03-18T19:55:05 EET" finished-at="2023-03-18T19:55:05 EET">
          <reporter-output>
          </reporter-output>
        </test-method> <!-- close -->
      </class> <!-- Subscribe.Jawwy.testcases.CloseURL_Test -->
      <class name="Subscribe.Jawwy.testcases.Country_Selector_Test">
        <test-method status="PASS" signature="Countryselector()[pri:1, instance:Subscribe.Jawwy.testcases.Country_Selector_Test@113b13f]" name="Countryselector" duration-ms="170" started-at="2023-03-18T19:55:03 EET" finished-at="2023-03-18T19:55:03 EET">
          <reporter-output>
          </reporter-output>
        </test-method> <!-- Countryselector -->
        <test-method status="PASS" signature="Egypt()[pri:2, instance:Subscribe.Jawwy.testcases.Country_Selector_Test@113b13f]" name="Egypt" duration-ms="1157" started-at="2023-03-18T19:55:03 EET" finished-at="2023-03-18T19:55:04 EET">
          <reporter-output>
          </reporter-output>
        </test-method> <!-- Egypt -->
        <test-method status="PASS" signature="UAE()[pri:3, instance:Subscribe.Jawwy.testcases.Country_Selector_Test@113b13f]" name="UAE" duration-ms="164" started-at="2023-03-18T19:55:04 EET" finished-at="2023-03-18T19:55:04 EET">
          <reporter-output>
          </reporter-output>
        </test-method> <!-- UAE -->
      </class> <!-- Subscribe.Jawwy.testcases.Country_Selector_Test -->
      <class name="Subscribe.Jawwy.testcases.Validate_Country_currency_Price_Test">
        <test-method status="PASS" signature="Get_Country_currency_Package(java.lang.String, java.lang.String, java.lang.String, java.lang.String)[pri:1, instance:Subscribe.Jawwy.testcases.Validate_Country_currency_Price_Test@d8062c]" name="Get_Country_currency_Package" duration-ms="105" started-at="2023-03-18T19:55:05 EET" data-provider="Subscription" finished-at="2023-03-18T19:55:05 EET">
          <params>
            <param index="0">
              <value>
                <![CDATA[Egypt]]>
              </value>
            </param>
            <param index="1">
              <value>
                <![CDATA[CLASSIC]]>
              </value>
            </param>
            <param index="2">
              <value>
                <![CDATA[10.00]]>
              </value>
            </param>
            <param index="3">
              <value>
                <![CDATA[Egyptian pound]]>
              </value>
            </param>
          </params>
          <reporter-output>
          </reporter-output>
        </test-method> <!-- Get_Country_currency_Package -->
        <test-method status="PASS" signature="Validate_Country_Currency_Package(java.lang.String, java.lang.String, java.lang.String, java.lang.String)[pri:2, instance:Subscribe.Jawwy.testcases.Validate_Country_currency_Price_Test@d8062c]" name="Validate_Country_Currency_Package" duration-ms="32" started-at="2023-03-18T19:55:05 EET" data-provider="Subscription" finished-at="2023-03-18T19:55:05 EET">
          <params>
            <param index="0">
              <value>
                <![CDATA[Egypt]]>
              </value>
            </param>
            <param index="1">
              <value>
                <![CDATA[CLASSIC]]>
              </value>
            </param>
            <param index="2">
              <value>
                <![CDATA[10.00]]>
              </value>
            </param>
            <param index="3">
              <value>
                <![CDATA[Egyptian pound]]>
              </value>
            </param>
          </params>
          <reporter-output>
          </reporter-output>
        </test-method> <!-- Validate_Country_Currency_Package -->
      </class> <!-- Subscribe.Jawwy.testcases.Validate_Country_currency_Price_Test -->
    </test> <!-- Egypt -->
    <test name="Algeria" duration-ms="26446" started-at="2023-03-18T19:55:05 EET" finished-at="2023-03-18T19:55:31 EET">
      <class name="Subscribe.Jawwy.testcases.OpenURL_Test">
        <test-method status="PASS" signature="loadConfig()[pri:0, instance:Subscribe.Jawwy.testcases.OpenURL_Test@10b40af]" name="loadConfig" is-config="true" duration-ms="113" started-at="2023-03-18T19:54:52 EET" finished-at="2023-03-18T19:54:52 EET">
          <reporter-output>
          </reporter-output>
        </test-method> <!-- loadConfig -->
        <test-method status="PASS" signature="setup()[pri:1, instance:Subscribe.Jawwy.testcases.OpenURL_Test@10b40af]" name="setup" duration-ms="4163" started-at="2023-03-18T19:55:05 EET" finished-at="2023-03-18T19:55:09 EET">
          <reporter-output>
          </reporter-output>
        </test-method> <!-- setup -->
        <test-method status="PASS" signature="afterSuite()[pri:0, instance:Subscribe.Jawwy.testcases.OpenURL_Test@10b40af]" name="afterSuite" is-config="true" duration-ms="334" started-at="2023-03-18T19:55:31 EET" finished-at="2023-03-18T19:55:32 EET">
          <reporter-output>
          </reporter-output>
        </test-method> <!-- afterSuite -->
      </class> <!-- Subscribe.Jawwy.testcases.OpenURL_Test -->
      <class name="Subscribe.Jawwy.testcases.Validate_Avalaible_Packages_Test">
        <test-method status="PASS" signature="check_Lite_Package()[pri:1, instance:Subscribe.Jawwy.testcases.Validate_Avalaible_Packages_Test@c8afef]" name="check_Lite_Package" duration-ms="89" started-at="2023-03-18T19:55:11 EET" finished-at="2023-03-18T19:55:11 EET">
          <reporter-output>
          </reporter-output>
        </test-method> <!-- check_Lite_Package -->
        <test-method status="PASS" signature="check_classic_Package()[pri:2, instance:Subscribe.Jawwy.testcases.Validate_Avalaible_Packages_Test@c8afef]" name="check_classic_Package" duration-ms="106" started-at="2023-03-18T19:55:11 EET" finished-at="2023-03-18T19:55:11 EET">
          <reporter-output>
          </reporter-output>
        </test-method> <!-- check_classic_Package -->
        <test-method status="PASS" signature="check_PREMIUM_Package()[pri:3, instance:Subscribe.Jawwy.testcases.Validate_Avalaible_Packages_Test@c8afef]" name="check_PREMIUM_Package" duration-ms="76" started-at="2023-03-18T19:55:11 EET" finished-at="2023-03-18T19:55:11 EET">
          <reporter-output>
          </reporter-output>
        </test-method> <!-- check_PREMIUM_Package -->
      </class> <!-- Subscribe.Jawwy.testcases.Validate_Avalaible_Packages_Test -->
      <class name="Subscribe.Jawwy.testcases.CloseURL_Test">
        <test-method status="PASS" signature="close()[pri:1, instance:Subscribe.Jawwy.testcases.CloseURL_Test@daef40]" name="close" duration-ms="87" started-at="2023-03-18T19:55:31 EET" finished-at="2023-03-18T19:55:31 EET">
          <reporter-output>
          </reporter-output>
        </test-method> <!-- close -->
      </class> <!-- Subscribe.Jawwy.testcases.CloseURL_Test -->
      <class name="Subscribe.Jawwy.testcases.Validate_Algeria_Country_currency_Price_Test">
        <test-method status="FAIL" signature="Get_UAE_Country_currency_Package(java.lang.String, java.lang.String, java.lang.String, java.lang.String)[pri:1, instance:Subscribe.Jawwy.testcases.Validate_Algeria_Country_currency_Price_Test@169c6ba]" name="Get_UAE_Country_currency_Package" duration-ms="20099" started-at="2023-03-18T19:55:11 EET" data-provider="Algeria" finished-at="2023-03-18T19:55:31 EET">
          <params>
            <param index="0">
              <value>
                <![CDATA[Algeria]]>
              </value>
            </param>
            <param index="1">
              <value>
                <![CDATA[]]>
              </value>
            </param>
            <param index="2">
              <value>
                <![CDATA[]]>
              </value>
            </param>
            <param index="3">
              <value>
                <![CDATA[]]>
              </value>
            </param>
          </params>
          <exception class="org.openqa.selenium.NoSuchElementException">
            <message>
              <![CDATA[no such element: Unable to locate element: {"method":"xpath","selector":"//div[@class="trial-cost"]"}
  (Session info: chrome=111.0.5563.65)
For documentation on this error, please visit: https://www.seleniumhq.org/exceptions/no_such_element.html
Build info: version: '3.141.59', revision: 'e82be7d358', time: '2018-11-14T08:17:03'
System info: host: 'AS-40', ip: '192.168.1.19', os.name: 'Windows 10', os.arch: 'x86', os.version: '10.0', java.version: '1.8.0_352-352'
Driver info: org.openqa.selenium.chrome.ChromeDriver
Capabilities {acceptInsecureCerts: false, browserName: chrome, browserVersion: 111.0.5563.65, chrome: {chromedriverVersion: 111.0.5563.64 (c710e93d5b63..., userDataDir: C:\Program Files (x86)\scop...}, goog:chromeOptions: {debuggerAddress: localhost:50836}, javascriptEnabled: true, networkConnectionEnabled: false, pageLoadStrategy: normal, platform: WINDOWS, platformName: WINDOWS, proxy: Proxy(), setWindowRect: true, strictFileInteractability: false, timeouts: {implicit: 0, pageLoad: 300000, script: 30000}, unhandledPromptBehavior: dismiss and notify, webauthn:extension:credBlob: true, webauthn:extension:largeBlob: true, webauthn:extension:minPinLength: true, webauthn:extension:prf: true, webauthn:virtualAuthenticators: true}
Session ID: 5ee0fcca2426aa401e6d42e7e95588be
*** Element info: {Using=xpath, value=//div[@class="trial-cost"]}]]>
            </message>
            <full-stacktrace>
              <![CDATA[org.openqa.selenium.NoSuchElementException: no such element: Unable to locate element: {"method":"xpath","selector":"//div[@class="trial-cost"]"}
  (Session info: chrome=111.0.5563.65)
For documentation on this error, please visit: https://www.seleniumhq.org/exceptions/no_such_element.html
Build info: version: '3.141.59', revision: 'e82be7d358', time: '2018-11-14T08:17:03'
System info: host: 'AS-40', ip: '192.168.1.19', os.name: 'Windows 10', os.arch: 'x86', os.version: '10.0', java.version: '1.8.0_352-352'
Driver info: org.openqa.selenium.chrome.ChromeDriver
Capabilities {acceptInsecureCerts: false, browserName: chrome, browserVersion: 111.0.5563.65, chrome: {chromedriverVersion: 111.0.5563.64 (c710e93d5b63..., userDataDir: C:\Program Files (x86)\scop...}, goog:chromeOptions: {debuggerAddress: localhost:50836}, javascriptEnabled: true, networkConnectionEnabled: false, pageLoadStrategy: normal, platform: WINDOWS, platformName: WINDOWS, proxy: Proxy(), setWindowRect: true, strictFileInteractability: false, timeouts: {implicit: 0, pageLoad: 300000, script: 30000}, unhandledPromptBehavior: dismiss and notify, webauthn:extension:credBlob: true, webauthn:extension:largeBlob: true, webauthn:extension:minPinLength: true, webauthn:extension:prf: true, webauthn:virtualAuthenticators: true}
Session ID: 5ee0fcca2426aa401e6d42e7e95588be
*** Element info: {Using=xpath, value=//div[@class="trial-cost"]}
at sun.reflect.NativeConstructorAccessorImpl.newInstance0(Native Method)
at sun.reflect.NativeConstructorAccessorImpl.newInstance(NativeConstructorAccessorImpl.java:62)
at sun.reflect.DelegatingConstructorAccessorImpl.newInstance(DelegatingConstructorAccessorImpl.java:45)
at java.lang.reflect.Constructor.newInstance(Constructor.java:423)
at org.openqa.selenium.remote.http.W3CHttpResponseCodec.createException(W3CHttpResponseCodec.java:187)
at org.openqa.selenium.remote.http.W3CHttpResponseCodec.decode(W3CHttpResponseCodec.java:122)
at org.openqa.selenium.remote.http.W3CHttpResponseCodec.decode(W3CHttpResponseCodec.java:49)
at org.openqa.selenium.remote.HttpCommandExecutor.execute(HttpCommandExecutor.java:158)
at org.openqa.selenium.remote.service.DriverCommandExecutor.execute(DriverCommandExecutor.java:83)
at org.openqa.selenium.remote.RemoteWebDriver.execute(RemoteWebDriver.java:552)
at org.openqa.selenium.remote.RemoteWebDriver.findElement(RemoteWebDriver.java:323)
at org.openqa.selenium.remote.RemoteWebDriver.findElementByXPath(RemoteWebDriver.java:428)
at org.openqa.selenium.By$ByXPath.findElement(By.java:353)
at org.openqa.selenium.remote.RemoteWebDriver.findElement(RemoteWebDriver.java:315)
at org.openqa.selenium.support.pagefactory.DefaultElementLocator.findElement(DefaultElementLocator.java:69)
at org.openqa.selenium.support.pagefactory.internal.LocatingElementHandler.invoke(LocatingElementHandler.java:38)
at com.sun.proxy.$Proxy9.getText(Unknown Source)
at Subscribe.Jawwy.pageobjects.AvalabilePackage.GetPackagePrice(AvalabilePackage.java:81)
at Subscribe.Jawwy.testcases.Validate_Algeria_Country_currency_Price_Test.Get_UAE_Country_currency_Package(Validate_Algeria_Country_currency_Price_Test.java:24)
at sun.reflect.NativeMethodAccessorImpl.invoke0(Native Method)
at sun.reflect.NativeMethodAccessorImpl.invoke(NativeMethodAccessorImpl.java:62)
at sun.reflect.DelegatingMethodAccessorImpl.invoke(DelegatingMethodAccessorImpl.java:43)
at java.lang.reflect.Method.invoke(Method.java:498)
at org.testng.internal.MethodInvocationHelper.invokeMethod(MethodInvocationHelper.java:132)
at org.testng.internal.TestInvoker.invokeMethod(TestInvoker.java:599)
at org.testng.internal.TestInvoker.invokeTestMethod(TestInvoker.java:174)
at org.testng.internal.MethodRunner.runInSequence(MethodRunner.java:46)
at org.testng.internal.TestInvoker$MethodInvocationAgent.invoke(TestInvoker.java:822)
at org.testng.internal.TestInvoker.invokeTestMethods(TestInvoker.java:147)
at org.testng.internal.TestMethodWorker.invokeTestMethods(TestMethodWorker.java:146)
at org.testng.internal.TestMethodWorker.run(TestMethodWorker.java:128)
at java.util.ArrayList.forEach(ArrayList.java:1259)
at org.testng.TestRunner.privateRun(TestRunner.java:764)
at org.testng.TestRunner.run(TestRunner.java:585)
at org.testng.SuiteRunner.runTest(SuiteRunner.java:384)
at org.testng.SuiteRunner.runSequentially(SuiteRunner.java:378)
at org.testng.SuiteRunner.privateRun(SuiteRunner.java:337)
at org.testng.SuiteRunner.run(SuiteRunner.java:286)
at org.testng.SuiteRunnerWorker.runSuite(SuiteRunnerWorker.java:53)
at org.testng.SuiteRunnerWorker.run(SuiteRunnerWorker.java:96)
at org.testng.TestNG.runSuitesSequentially(TestNG.java:1218)
at org.testng.TestNG.runSuitesLocally(TestNG.java:1140)
at org.testng.TestNG.runSuites(TestNG.java:1069)
at org.testng.TestNG.run(TestNG.java:1037)
at org.testng.remote.AbstractRemoteTestNG.run(AbstractRemoteTestNG.java:115)
at org.testng.remote.RemoteTestNG.initAndRun(RemoteTestNG.java:251)
at org.testng.remote.RemoteTestNG.main(RemoteTestNG.java:77)
]]>
            </full-stacktrace>
          </exception> <!-- org.openqa.selenium.NoSuchElementException -->
          <reporter-output>
          </reporter-output>
        </test-method> <!-- Get_UAE_Country_currency_Package -->
        <test-method status="FAIL" signature="Validate_Country_Currency_Package(java.lang.String, java.lang.String, java.lang.String, java.lang.String)[pri:2, instance:Subscribe.Jawwy.testcases.Validate_Algeria_Country_currency_Price_Test@169c6ba]" name="Validate_Country_Currency_Package" duration-ms="27" started-at="2023-03-18T19:55:31 EET" data-provider="Algeria" finished-at="2023-03-18T19:55:31 EET">
          <params>
            <param index="0">
              <value>
                <![CDATA[Algeria]]>
              </value>
            </param>
            <param index="1">
              <value>
                <![CDATA[]]>
              </value>
            </param>
            <param index="2">
              <value>
                <![CDATA[]]>
              </value>
            </param>
            <param index="3">
              <value>
                <![CDATA[]]>
              </value>
            </param>
          </params>
          <exception class="java.lang.AssertionError">
            <message>
              <![CDATA[The following asserts failed:
passed expected [true] but found [false],
passed expected [true] but found [false]]]>
            </message>
            <full-stacktrace>
              <![CDATA[java.lang.AssertionError: The following asserts failed:
passed expected [true] but found [false],
passed expected [true] but found [false]
at org.testng.asserts.SoftAssert.assertAll(SoftAssert.java:47)
at org.testng.asserts.SoftAssert.assertAll(SoftAssert.java:31)
at Subscribe.Jawwy.pageobjects.AvalabilePackage.validatePriceAndCurrency(AvalabilePackage.java:111)
at Subscribe.Jawwy.testcases.Validate_Algeria_Country_currency_Price_Test.Validate_Country_Currency_Package(Validate_Algeria_Country_currency_Price_Test.java:36)
at sun.reflect.NativeMethodAccessorImpl.invoke0(Native Method)
at sun.reflect.NativeMethodAccessorImpl.invoke(NativeMethodAccessorImpl.java:62)
at sun.reflect.DelegatingMethodAccessorImpl.invoke(DelegatingMethodAccessorImpl.java:43)
at java.lang.reflect.Method.invoke(Method.java:498)
at org.testng.internal.MethodInvocationHelper.invokeMethod(MethodInvocationHelper.java:132)
at org.testng.internal.TestInvoker.invokeMethod(TestInvoker.java:599)
at org.testng.internal.TestInvoker.invokeTestMethod(TestInvoker.java:174)
at org.testng.internal.MethodRunner.runInSequence(MethodRunner.java:46)
at org.testng.internal.TestInvoker$MethodInvocationAgent.invoke(TestInvoker.java:822)
at org.testng.internal.TestInvoker.invokeTestMethods(TestInvoker.java:147)
at org.testng.internal.TestMethodWorker.invokeTestMethods(TestMethodWorker.java:146)
at org.testng.internal.TestMethodWorker.run(TestMethodWorker.java:128)
at java.util.ArrayList.forEach(ArrayList.java:1259)
at org.testng.TestRunner.privateRun(TestRunner.java:764)
at org.testng.TestRunner.run(TestRunner.java:585)
at org.testng.SuiteRunner.runTest(SuiteRunner.java:384)
at org.testng.SuiteRunner.runSequentially(SuiteRunner.java:378)
at org.testng.SuiteRunner.privateRun(SuiteRunner.java:337)
at org.testng.SuiteRunner.run(SuiteRunner.java:286)
at org.testng.SuiteRunnerWorker.runSuite(SuiteRunnerWorker.java:53)
at org.testng.SuiteRunnerWorker.run(SuiteRunnerWorker.java:96)
at org.testng.TestNG.runSuitesSequentially(TestNG.java:1218)
at org.testng.TestNG.runSuitesLocally(TestNG.java:1140)
at org.testng.TestNG.runSuites(TestNG.java:1069)
at org.testng.TestNG.run(TestNG.java:1037)
at org.testng.remote.AbstractRemoteTestNG.run(AbstractRemoteTestNG.java:115)
at org.testng.remote.RemoteTestNG.initAndRun(RemoteTestNG.java:251)
at org.testng.remote.RemoteTestNG.main(RemoteTestNG.java:77)
]]>
            </full-stacktrace>
          </exception> <!-- java.lang.AssertionError -->
          <reporter-output>
          </reporter-output>
        </test-method> <!-- Validate_Country_Currency_Package -->
      </class> <!-- Subscribe.Jawwy.testcases.Validate_Algeria_Country_currency_Price_Test -->
      <class name="Subscribe.Jawwy.testcases.Algeria_Country_Selector_Test">
        <test-method status="PASS" signature="Countryselector()[pri:1, instance:Subscribe.Jawwy.testcases.Algeria_Country_Selector_Test@123ab24]" name="Countryselector" duration-ms="156" started-at="2023-03-18T19:55:09 EET" finished-at="2023-03-18T19:55:09 EET">
          <reporter-output>
          </reporter-output>
        </test-method> <!-- Countryselector -->
        <test-method status="PASS" signature="Algeria()[pri:2, instance:Subscribe.Jawwy.testcases.Algeria_Country_Selector_Test@123ab24]" name="Algeria" duration-ms="1251" started-at="2023-03-18T19:55:09 EET" finished-at="2023-03-18T19:55:11 EET">
          <reporter-output>
          </reporter-output>
        </test-method> <!-- Algeria -->
      </class> <!-- Subscribe.Jawwy.testcases.Algeria_Country_Selector_Test -->
    </test> <!-- Algeria -->
  </suite> <!-- Suite -->
</testng-results>
